Started GET "/" for 127.0.0.1 at 2017-09-21 22:27:02 +0100
Processing by Rails::WelcomeController#index as HTML
  Rendering /Users/puyan/.rvm/gems/ruby-2.4.0/gems/railties-5.1.4/lib/rails/templates/rails/welcome/index.html.erb
  Rendered /Users/puyan/.rvm/gems/ruby-2.4.0/gems/railties-5.1.4/lib/rails/templates/rails/welcome/index.html.erb (4.3ms)
Completed 200 OK in 370ms (Views: 11.3ms)


  [1m[35m (606.7ms)[0m  [1m[35mCREATE DATABASE "yelp_clone_development" ENCODING = 'unicode'[0m
  [1m[35m (419.5ms)[0m  [1m[35mCREATE DATABASE "yelp_clone_test" ENCODING = 'unicode'[0m
Started GET "/" for 127.0.0.1 at 2017-09-22 08:53:34 +0100
Processing by Rails::WelcomeController#index as HTML
  Rendering /Users/puyan/.rvm/gems/ruby-2.4.0/gems/railties-5.1.4/lib/rails/templates/rails/welcome/index.html.erb
  Rendered /Users/puyan/.rvm/gems/ruby-2.4.0/gems/railties-5.1.4/lib/rails/templates/rails/welcome/index.html.erb (4.5ms)
Completed 200 OK in 358ms (Views: 11.7ms)


Started GET "/restaurants" for 127.0.0.1 at 2017-09-22 08:53:56 +0100
Processing by RestaurantsController#index as HTML
Completed 500 Internal Server Error in 2ms


  
RuntimeError (hello from the index action):
  
app/controllers/restaurants_controller.rb:3:in `index'
  [1m[35m (45.3ms)[0m  [1m[35mCREATE TABLE "schema_migrations" ("version" character varying NOT NULL PRIMARY KEY)[0m
  [1m[35m (22.3ms)[0m  [1m[35mCREATE TABLE "ar_internal_metadata" ("key" character varying NOT NULL PRIMARY KEY, "value" character varying, "created_at" timestamp NOT NULL, "updated_at" timestamp NOT NULL)[0m
  [1m[35m (17.5ms)[0m  [1m[34mSELECT pg_try_advisory_lock(8692138485699695145)[0m
  [1m[35m (1.4ms)[0m  [1m[34mSELECT "schema_migrations"."version" FROM "schema_migrations" ORDER BY "schema_migrations"."version" ASC[0m
  [1m[36mActiveRecord::InternalMetadata Load (0.8ms)[0m  [1m[34mSELECT  "ar_internal_metadata".* FROM "ar_internal_metadata" WHERE "ar_internal_metadata"."key" = $1 LIMIT $2[0m  [["key", "environment"], ["LIMIT", 1]]
  [1m[35m (0.3ms)[0m  [1m[35mBEGIN[0m
  [1m[35mSQL (3.1ms)[0m  [1m[32mINSERT INTO "ar_internal_metadata" ("key", "value", "created_at", "updated_at") VALUES ($1, $2, $3, $4) RETURNING "key"[0m  [["key", "environment"], ["value", "development"], ["created_at", "2017-09-22 07:55:58.804401"], ["updated_at", "2017-09-22 07:55:58.804401"]]
  [1m[35m (0.4ms)[0m  [1m[35mCOMMIT[0m
  [1m[35m (0.2ms)[0m  [1m[34mSELECT pg_advisory_unlock(8692138485699695145)[0m
  [1m[35m (0.3ms)[0m  [1m[34mSELECT "schema_migrations"."version" FROM "schema_migrations" ORDER BY "schema_migrations"."version" ASC[0m
Started GET "/" for 127.0.0.1 at 2017-09-22 09:01:37 +0100
Processing by Rails::WelcomeController#index as HTML
  Rendering /Users/puyan/.rvm/gems/ruby-2.4.0/gems/railties-5.1.4/lib/rails/templates/rails/welcome/index.html.erb
  Rendered /Users/puyan/.rvm/gems/ruby-2.4.0/gems/railties-5.1.4/lib/rails/templates/rails/welcome/index.html.erb (4.4ms)
Completed 200 OK in 15ms (Views: 9.3ms)


Started GET "/restaurants" for 127.0.0.1 at 2017-09-22 09:01:43 +0100
Processing by RestaurantsController#index as HTML
  Rendering restaurants/index.html.erb within layouts/application
  Rendered restaurants/index.html.erb within layouts/application (1.1ms)
Completed 200 OK in 492ms (Views: 489.4ms)


Started GET "/restaurants" for 127.0.0.1 at 2017-09-22 09:01:47 +0100
Processing by RestaurantsController#index as HTML
  Rendering restaurants/index.html.erb within layouts/application
  Rendered restaurants/index.html.erb within layouts/application (0.5ms)
Completed 200 OK in 30ms (Views: 22.8ms)


Started GET "/restaurants" for 127.0.0.1 at 2017-09-22 09:01:48 +0100
Processing by RestaurantsController#index as HTML
  Rendering restaurants/index.html.erb within layouts/application
  Rendered restaurants/index.html.erb within layouts/application (0.5ms)
Completed 200 OK in 29ms (Views: 24.7ms)


Started GET "/restaurants" for 127.0.0.1 at 2017-09-22 09:01:49 +0100
Processing by RestaurantsController#index as HTML
  Rendering restaurants/index.html.erb within layouts/application
  Rendered restaurants/index.html.erb within layouts/application (0.6ms)
Completed 200 OK in 38ms (Views: 34.0ms)


Started GET "/restaurants" for 127.0.0.1 at 2017-09-22 09:01:49 +0100
Processing by RestaurantsController#index as HTML
  Rendering restaurants/index.html.erb within layouts/application
  Rendered restaurants/index.html.erb within layouts/application (0.5ms)
Completed 200 OK in 43ms (Views: 34.3ms)


Started GET "/restaurants" for 127.0.0.1 at 2017-09-22 09:01:49 +0100
Processing by RestaurantsController#index as HTML
  Rendering restaurants/index.html.erb within layouts/application
  Rendered restaurants/index.html.erb within layouts/application (0.7ms)
Completed 200 OK in 35ms (Views: 30.6ms)


Started GET "/restaurants" for 127.0.0.1 at 2017-09-22 09:01:50 +0100
Processing by RestaurantsController#index as HTML
  Rendering restaurants/index.html.erb within layouts/application
  Rendered restaurants/index.html.erb within layouts/application (0.6ms)
Completed 200 OK in 42ms (Views: 38.4ms)


Started GET "/restaurants" for 127.0.0.1 at 2017-09-22 12:52:44 +0100
Processing by RestaurantsController#index as HTML
  Rendering restaurants/index.html.erb within layouts/application
  Rendered restaurants/index.html.erb within layouts/application (11.7ms)
Completed 200 OK in 127ms (Views: 108.6ms)


Started GET "/restaurants" for 127.0.0.1 at 2017-09-23 15:58:59 +0100
  
LoadError (cannot load such file -- /Users/puyan/Projects/yelp/yelp_clone/config/routes.rb):
  
activesupport (5.1.4) lib/active_support/dependencies.rb:286:in `load'
activesupport (5.1.4) lib/active_support/dependencies.rb:286:in `block in load'
activesupport (5.1.4) lib/active_support/dependencies.rb:258:in `load_dependency'
activesupport (5.1.4) lib/active_support/dependencies.rb:286:in `load'
railties (5.1.4) lib/rails/application/routes_reloader.rb:55:in `block in load_paths'
railties (5.1.4) lib/rails/application/routes_reloader.rb:55:in `each'
railties (5.1.4) lib/rails/application/routes_reloader.rb:55:in `load_paths'
railties (5.1.4) lib/rails/application/routes_reloader.rb:18:in `reload!'
railties (5.1.4) lib/rails/application/routes_reloader.rb:41:in `block in updater'
activesupport (5.1.4) lib/active_support/file_update_checker.rb:81:in `execute'
railties (5.1.4) lib/rails/application/routes_reloader.rb:25:in `execute'
railties (5.1.4) lib/rails/application/finisher.rb:141:in `block (2 levels) in <module:Finisher>'
activesupport (5.1.4) lib/active_support/callbacks.rb:413:in `instance_exec'
activesupport (5.1.4) lib/active_support/callbacks.rb:413:in `block in make_lambda'
activesupport (5.1.4) lib/active_support/callbacks.rb:197:in `block (2 levels) in halting'
activesupport (5.1.4) lib/active_support/callbacks.rb:601:in `block (2 levels) in default_terminator'
activesupport (5.1.4) lib/active_support/callbacks.rb:600:in `catch'
activesupport (5.1.4) lib/active_support/callbacks.rb:600:in `block in default_terminator'
activesupport (5.1.4) lib/active_support/callbacks.rb:198:in `block in halting'
activesupport (5.1.4) lib/active_support/callbacks.rb:507:in `block in invoke_before'
activesupport (5.1.4) lib/active_support/callbacks.rb:507:in `each'
activesupport (5.1.4) lib/active_support/callbacks.rb:507:in `invoke_before'
activesupport (5.1.4) lib/active_support/callbacks.rb:130:in `run_callbacks'
activesupport (5.1.4) lib/active_support/execution_wrapper.rb:108:in `run!'
activesupport (5.1.4) lib/active_support/reloader.rb:113:in `run!'
activesupport (5.1.4) lib/active_support/execution_wrapper.rb:70:in `block in run!'
activesupport (5.1.4) lib/active_support/execution_wrapper.rb:67:in `tap'
activesupport (5.1.4) lib/active_support/execution_wrapper.rb:67:in `run!'
activesupport (5.1.4) lib/active_support/reloader.rb:59:in `run!'
actionpack (5.1.4) lib/action_dispatch/middleware/executor.rb:10:in `call'
actionpack (5.1.4) lib/action_dispatch/middleware/debug_exceptions.rb:59:in `call'
web-console (3.5.1) lib/web_console/middleware.rb:135:in `call_app'
web-console (3.5.1) lib/web_console/middleware.rb:28:in `block in call'
web-console (3.5.1) lib/web_console/middleware.rb:18:in `catch'
web-console (3.5.1) lib/web_console/middleware.rb:18:in `call'
actionpack (5.1.4) lib/action_dispatch/middleware/show_exceptions.rb:31:in `call'
railties (5.1.4) lib/rails/rack/logger.rb:36:in `call_app'
railties (5.1.4) lib/rails/rack/logger.rb:24:in `block in call'
activesupport (5.1.4) lib/active_support/tagged_logging.rb:69:in `block in tagged'
activesupport (5.1.4) lib/active_support/tagged_logging.rb:26:in `tagged'
activesupport (5.1.4) lib/active_support/tagged_logging.rb:69:in `tagged'
railties (5.1.4) lib/rails/rack/logger.rb:24:in `call'
sprockets-rails (3.2.1) lib/sprockets/rails/quiet_assets.rb:13:in `call'
actionpack (5.1.4) lib/action_dispatch/middleware/remote_ip.rb:79:in `call'
actionpack (5.1.4) lib/action_dispatch/middleware/request_id.rb:25:in `call'
rack (2.0.3) lib/rack/method_override.rb:22:in `call'
rack (2.0.3) lib/rack/runtime.rb:22:in `call'
activesupport (5.1.4) lib/active_support/cache/strategy/local_cache_middleware.rb:27:in `call'
actionpack (5.1.4) lib/action_dispatch/middleware/executor.rb:12:in `call'
actionpack (5.1.4) lib/action_dispatch/middleware/static.rb:125:in `call'
rack (2.0.3) lib/rack/sendfile.rb:111:in `call'
railties (5.1.4) lib/rails/engine.rb:522:in `call'
puma (3.10.0) lib/puma/configuration.rb:225:in `call'
puma (3.10.0) lib/puma/server.rb:605:in `handle_request'
puma (3.10.0) lib/puma/server.rb:437:in `process_client'
puma (3.10.0) lib/puma/server.rb:301:in `block in run'
puma (3.10.0) lib/puma/thread_pool.rb:120:in `block in spawn_thread'
Started GET "/favicon.ico" for 127.0.0.1 at 2017-09-23 15:59:00 +0100
  
ActionController::RoutingError (No route matches [GET] "/favicon.ico"):
  
actionpack (5.1.4) lib/action_dispatch/middleware/debug_exceptions.rb:63:in `call'
web-console (3.5.1) lib/web_console/middleware.rb:135:in `call_app'
web-console (3.5.1) lib/web_console/middleware.rb:28:in `block in call'
web-console (3.5.1) lib/web_console/middleware.rb:18:in `catch'
web-console (3.5.1) lib/web_console/middleware.rb:18:in `call'
actionpack (5.1.4) lib/action_dispatch/middleware/show_exceptions.rb:31:in `call'
railties (5.1.4) lib/rails/rack/logger.rb:36:in `call_app'
railties (5.1.4) lib/rails/rack/logger.rb:24:in `block in call'
activesupport (5.1.4) lib/active_support/tagged_logging.rb:69:in `block in tagged'
activesupport (5.1.4) lib/active_support/tagged_logging.rb:26:in `tagged'
activesupport (5.1.4) lib/active_support/tagged_logging.rb:69:in `tagged'
railties (5.1.4) lib/rails/rack/logger.rb:24:in `call'
sprockets-rails (3.2.1) lib/sprockets/rails/quiet_assets.rb:13:in `call'
actionpack (5.1.4) lib/action_dispatch/middleware/remote_ip.rb:79:in `call'
actionpack (5.1.4) lib/action_dispatch/middleware/request_id.rb:25:in `call'
rack (2.0.3) lib/rack/method_override.rb:22:in `call'
rack (2.0.3) lib/rack/runtime.rb:22:in `call'
activesupport (5.1.4) lib/active_support/cache/strategy/local_cache_middleware.rb:27:in `call'
actionpack (5.1.4) lib/action_dispatch/middleware/executor.rb:12:in `call'
actionpack (5.1.4) lib/action_dispatch/middleware/static.rb:125:in `call'
rack (2.0.3) lib/rack/sendfile.rb:111:in `call'
railties (5.1.4) lib/rails/engine.rb:522:in `call'
puma (3.10.0) lib/puma/configuration.rb:225:in `call'
puma (3.10.0) lib/puma/server.rb:605:in `handle_request'
puma (3.10.0) lib/puma/server.rb:437:in `process_client'
puma (3.10.0) lib/puma/server.rb:301:in `block in run'
puma (3.10.0) lib/puma/thread_pool.rb:120:in `block in spawn_thread'
Started GET "/" for 127.0.0.1 at 2017-09-23 15:59:05 +0100
  
ActionController::RoutingError (No route matches [GET] "/"):
  
actionpack (5.1.4) lib/action_dispatch/middleware/debug_exceptions.rb:63:in `call'
web-console (3.5.1) lib/web_console/middleware.rb:135:in `call_app'
web-console (3.5.1) lib/web_console/middleware.rb:28:in `block in call'
web-console (3.5.1) lib/web_console/middleware.rb:18:in `catch'
web-console (3.5.1) lib/web_console/middleware.rb:18:in `call'
actionpack (5.1.4) lib/action_dispatch/middleware/show_exceptions.rb:31:in `call'
railties (5.1.4) lib/rails/rack/logger.rb:36:in `call_app'
railties (5.1.4) lib/rails/rack/logger.rb:24:in `block in call'
activesupport (5.1.4) lib/active_support/tagged_logging.rb:69:in `block in tagged'
activesupport (5.1.4) lib/active_support/tagged_logging.rb:26:in `tagged'
activesupport (5.1.4) lib/active_support/tagged_logging.rb:69:in `tagged'
railties (5.1.4) lib/rails/rack/logger.rb:24:in `call'
sprockets-rails (3.2.1) lib/sprockets/rails/quiet_assets.rb:13:in `call'
actionpack (5.1.4) lib/action_dispatch/middleware/remote_ip.rb:79:in `call'
actionpack (5.1.4) lib/action_dispatch/middleware/request_id.rb:25:in `call'
rack (2.0.3) lib/rack/method_override.rb:22:in `call'
rack (2.0.3) lib/rack/runtime.rb:22:in `call'
activesupport (5.1.4) lib/active_support/cache/strategy/local_cache_middleware.rb:27:in `call'
actionpack (5.1.4) lib/action_dispatch/middleware/executor.rb:12:in `call'
actionpack (5.1.4) lib/action_dispatch/middleware/static.rb:125:in `call'
rack (2.0.3) lib/rack/sendfile.rb:111:in `call'
railties (5.1.4) lib/rails/engine.rb:522:in `call'
puma (3.10.0) lib/puma/configuration.rb:225:in `call'
puma (3.10.0) lib/puma/server.rb:605:in `handle_request'
puma (3.10.0) lib/puma/server.rb:437:in `process_client'
puma (3.10.0) lib/puma/server.rb:301:in `block in run'
puma (3.10.0) lib/puma/thread_pool.rb:120:in `block in spawn_thread'
Started GET "/" for 127.0.0.1 at 2017-09-23 15:59:36 +0100
Processing by Rails::WelcomeController#index as HTML
  Rendering /Users/puyan/.rvm/gems/ruby-2.4.0/gems/railties-5.1.4/lib/rails/templates/rails/welcome/index.html.erb
  Rendered /Users/puyan/.rvm/gems/ruby-2.4.0/gems/railties-5.1.4/lib/rails/templates/rails/welcome/index.html.erb (4.7ms)
Completed 200 OK in 372ms (Views: 12.0ms)


Started GET "/restaurants" for 127.0.0.1 at 2017-09-23 15:59:40 +0100
Processing by RestaurantsController#index as HTML
  Rendering restaurants/index.html.erb within layouts/application
  Rendered restaurants/index.html.erb within layouts/application (0.5ms)
Completed 200 OK in 304ms (Views: 302.4ms)


Started GET "/restaurants" for 127.0.0.1 at 2017-09-23 15:59:56 +0100
Processing by RestaurantsController#index as HTML
  Rendering restaurants/index.html.erb within layouts/application
  Rendered restaurants/index.html.erb within layouts/application (1.2ms)
Completed 200 OK in 565ms (Views: 229.1ms)


Started GET "/restaurants" for 127.0.0.1 at 2017-09-23 15:59:59 +0100
Processing by RestaurantsController#index as HTML
  Rendering restaurants/index.html.erb within layouts/application
  Rendered restaurants/index.html.erb within layouts/application (0.5ms)
Completed 200 OK in 32ms (Views: 27.8ms)


  [1m[35m (0.6ms)[0m  [1m[34mSELECT pg_try_advisory_lock(8692138485699695145)[0m
  [1m[35m (2.1ms)[0m  [1m[34mSELECT "schema_migrations"."version" FROM "schema_migrations" ORDER BY "schema_migrations"."version" ASC[0m
Migrating to CreateRestaurants (20170923150640)
  [1m[35m (0.2ms)[0m  [1m[35mBEGIN[0m
  [1m[35m (36.5ms)[0m  [1m[35mCREATE TABLE "restaurants" ("id" bigserial primary key, "name" character varying, "rating" integer, "created_at" timestamp NOT NULL, "updated_at" timestamp NOT NULL)[0m
  [1m[35mSQL (0.7ms)[0m  [1m[32mINSERT INTO "schema_migrations" ("version") VALUES ($1) RETURNING "version"[0m  [["version", "20170923150640"]]
  [1m[35m (1.1ms)[0m  [1m[35mCOMMIT[0m
  [1m[36mActiveRecord::InternalMetadata Load (0.6ms)[0m  [1m[34mSELECT  "ar_internal_metadata".* FROM "ar_internal_metadata" WHERE "ar_internal_metadata"."key" = $1 LIMIT $2[0m  [["key", "environment"], ["LIMIT", 1]]
  [1m[35m (0.2ms)[0m  [1m[35mBEGIN[0m
  [1m[35m (0.2ms)[0m  [1m[35mCOMMIT[0m
  [1m[35m (0.6ms)[0m  [1m[34mSELECT pg_advisory_unlock(8692138485699695145)[0m
  [1m[35m (0.3ms)[0m  [1m[34mSELECT "schema_migrations"."version" FROM "schema_migrations" ORDER BY "schema_migrations"."version" ASC[0m
Started GET "/restaurants" for 127.0.0.1 at 2017-09-23 16:35:08 +0100
  [1m[35m (2.0ms)[0m  [1m[34mSELECT "schema_migrations"."version" FROM "schema_migrations" ORDER BY "schema_migrations"."version" ASC[0m
Processing by RestaurantsController#index as HTML
Completed 500 Internal Server Error in 6ms (ActiveRecord: 0.0ms)


  
NameError (uninitialized constant RestaurantsController::Restaurants):
  
app/controllers/restaurants_controller.rb:3:in `index'
Started GET "/restaurants" for 127.0.0.1 at 2017-09-23 16:35:29 +0100
Processing by RestaurantsController#index as HTML
Completed 500 Internal Server Error in 3ms (ActiveRecord: 0.0ms)


  
NameError (uninitialized constant RestaurantsController::Restaurants):
  
app/controllers/restaurants_controller.rb:3:in `index'
Started GET "/restaurants" for 127.0.0.1 at 2017-09-23 16:35:48 +0100
Processing by RestaurantsController#index as HTML
  Rendering restaurants/index.html.erb within layouts/application
  [1m[36mRestaurant Exists (6.9ms)[0m  [1m[34mSELECT  1 AS one FROM "restaurants" LIMIT $1[0m  [["LIMIT", 1]]
  Rendered restaurants/index.html.erb within layouts/application (33.1ms)
Completed 200 OK in 80ms (Views: 62.5ms | ActiveRecord: 9.9ms)


Started GET "/restaurants" for 127.0.0.1 at 2017-09-23 16:35:55 +0100
Processing by RestaurantsController#index as HTML
  Rendering restaurants/index.html.erb within layouts/application
  [1m[36mRestaurant Exists (2.0ms)[0m  [1m[34mSELECT  1 AS one FROM "restaurants" LIMIT $1[0m  [["LIMIT", 1]]
  Rendered restaurants/index.html.erb within layouts/application (17.1ms)
Completed 200 OK in 69ms (Views: 61.8ms | ActiveRecord: 2.0ms)


Started GET "/restaurants" for 127.0.0.1 at 2017-09-23 16:35:59 +0100
Processing by RestaurantsController#index as HTML
  Rendering restaurants/index.html.erb within layouts/application
  [1m[36mRestaurant Exists (1.2ms)[0m  [1m[34mSELECT  1 AS one FROM "restaurants" LIMIT $1[0m  [["LIMIT", 1]]
  Rendered restaurants/index.html.erb within layouts/application (5.4ms)
Completed 200 OK in 45ms (Views: 40.0ms | ActiveRecord: 1.2ms)


Started GET "/restaurants" for 127.0.0.1 at 2017-09-23 16:35:59 +0100
Processing by RestaurantsController#index as HTML
  Rendering restaurants/index.html.erb within layouts/application
  [1m[36mRestaurant Exists (1.1ms)[0m  [1m[34mSELECT  1 AS one FROM "restaurants" LIMIT $1[0m  [["LIMIT", 1]]
  Rendered restaurants/index.html.erb within layouts/application (5.0ms)
Completed 200 OK in 54ms (Views: 49.3ms | ActiveRecord: 1.1ms)


Started GET "/restaurants" for 127.0.0.1 at 2017-09-23 16:36:00 +0100
Processing by RestaurantsController#index as HTML
  Rendering restaurants/index.html.erb within layouts/application
  [1m[36mRestaurant Exists (1.4ms)[0m  [1m[34mSELECT  1 AS one FROM "restaurants" LIMIT $1[0m  [["LIMIT", 1]]
  Rendered restaurants/index.html.erb within layouts/application (5.0ms)
Completed 200 OK in 48ms (Views: 42.3ms | ActiveRecord: 1.4ms)


Started GET "/restaurants" for 127.0.0.1 at 2017-09-23 16:36:00 +0100
Processing by RestaurantsController#index as HTML
  Rendering restaurants/index.html.erb within layouts/application
  [1m[36mRestaurant Exists (5.1ms)[0m  [1m[34mSELECT  1 AS one FROM "restaurants" LIMIT $1[0m  [["LIMIT", 1]]
  Rendered restaurants/index.html.erb within layouts/application (7.3ms)
Completed 200 OK in 49ms (Views: 41.7ms | ActiveRecord: 5.1ms)


Started GET "/restaurants" for 127.0.0.1 at 2017-09-23 16:36:00 +0100
Processing by RestaurantsController#index as HTML
  Rendering restaurants/index.html.erb within layouts/application
  [1m[36mRestaurant Exists (1.2ms)[0m  [1m[34mSELECT  1 AS one FROM "restaurants" LIMIT $1[0m  [["LIMIT", 1]]
  Rendered restaurants/index.html.erb within layouts/application (3.7ms)
Completed 200 OK in 52ms (Views: 47.4ms | ActiveRecord: 1.2ms)


Started GET "/restaurants" for 127.0.0.1 at 2017-09-23 16:36:00 +0100
Processing by RestaurantsController#index as HTML
  Rendering restaurants/index.html.erb within layouts/application
  [1m[36mRestaurant Exists (1.7ms)[0m  [1m[34mSELECT  1 AS one FROM "restaurants" LIMIT $1[0m  [["LIMIT", 1]]
  Rendered restaurants/index.html.erb within layouts/application (5.2ms)
Completed 200 OK in 57ms (Views: 52.6ms | ActiveRecord: 1.7ms)


Started GET "/restaurants" for 127.0.0.1 at 2017-09-23 16:36:01 +0100
Processing by RestaurantsController#index as HTML
  Rendering restaurants/index.html.erb within layouts/application
  [1m[36mRestaurant Exists (0.4ms)[0m  [1m[34mSELECT  1 AS one FROM "restaurants" LIMIT $1[0m  [["LIMIT", 1]]
  Rendered restaurants/index.html.erb within layouts/application (2.4ms)
Completed 200 OK in 44ms (Views: 40.8ms | ActiveRecord: 0.4ms)


Started GET "/restaurants" for 127.0.0.1 at 2017-09-23 16:36:01 +0100
Processing by RestaurantsController#index as HTML
  Rendering restaurants/index.html.erb within layouts/application
  [1m[36mRestaurant Exists (1.0ms)[0m  [1m[34mSELECT  1 AS one FROM "restaurants" LIMIT $1[0m  [["LIMIT", 1]]
  Rendered restaurants/index.html.erb within layouts/application (4.7ms)
Completed 200 OK in 44ms (Views: 39.9ms | ActiveRecord: 1.0ms)


Started GET "/restaurants" for 127.0.0.1 at 2017-09-23 16:36:01 +0100
Processing by RestaurantsController#index as HTML
  Rendering restaurants/index.html.erb within layouts/application
  [1m[36mRestaurant Exists (3.6ms)[0m  [1m[34mSELECT  1 AS one FROM "restaurants" LIMIT $1[0m  [["LIMIT", 1]]
  Rendered restaurants/index.html.erb within layouts/application (5.8ms)
Completed 200 OK in 52ms (Views: 45.8ms | ActiveRecord: 3.6ms)


Started GET "/restaurants" for 127.0.0.1 at 2017-09-23 16:36:01 +0100
Processing by RestaurantsController#index as HTML
  Rendering restaurants/index.html.erb within layouts/application
  [1m[36mRestaurant Exists (0.5ms)[0m  [1m[34mSELECT  1 AS one FROM "restaurants" LIMIT $1[0m  [["LIMIT", 1]]
  Rendered restaurants/index.html.erb within layouts/application (4.7ms)
Completed 200 OK in 45ms (Views: 41.5ms | ActiveRecord: 0.5ms)


Started GET "/restaurants/all" for 127.0.0.1 at 2017-09-23 16:36:08 +0100
  
AbstractController::ActionNotFound (The action 'show' could not be found for RestaurantsController):
  
actionpack (5.1.4) lib/abstract_controller/base.rb:119:in `process'
actionview (5.1.4) lib/action_view/rendering.rb:30:in `process'
actionpack (5.1.4) lib/action_controller/metal.rb:189:in `dispatch'
actionpack (5.1.4) lib/action_controller/metal.rb:253:in `dispatch'
actionpack (5.1.4) lib/action_dispatch/routing/route_set.rb:49:in `dispatch'
actionpack (5.1.4) lib/action_dispatch/routing/route_set.rb:31:in `serve'
actionpack (5.1.4) lib/action_dispatch/journey/router.rb:50:in `block in serve'
actionpack (5.1.4) lib/action_dispatch/journey/router.rb:33:in `each'
actionpack (5.1.4) lib/action_dispatch/journey/router.rb:33:in `serve'
actionpack (5.1.4) lib/action_dispatch/routing/route_set.rb:834:in `call'
rack (2.0.3) lib/rack/etag.rb:25:in `call'
rack (2.0.3) lib/rack/conditional_get.rb:25:in `call'
rack (2.0.3) lib/rack/head.rb:12:in `call'
rack (2.0.3) lib/rack/session/abstract/id.rb:232:in `context'
rack (2.0.3) lib/rack/session/abstract/id.rb:226:in `call'
actionpack (5.1.4) lib/action_dispatch/middleware/cookies.rb:613:in `call'
activerecord (5.1.4) lib/active_record/migration.rb:556:in `call'
actionpack (5.1.4) lib/action_dispatch/middleware/callbacks.rb:26:in `block in call'
activesupport (5.1.4) lib/active_support/callbacks.rb:97:in `run_callbacks'
actionpack (5.1.4) lib/action_dispatch/middleware/callbacks.rb:24:in `call'
actionpack (5.1.4) lib/action_dispatch/middleware/executor.rb:12:in `call'
actionpack (5.1.4) lib/action_dispatch/middleware/debug_exceptions.rb:59:in `call'
web-console (3.5.1) lib/web_console/middleware.rb:135:in `call_app'
web-console (3.5.1) lib/web_console/middleware.rb:28:in `block in call'
web-console (3.5.1) lib/web_console/middleware.rb:18:in `catch'
web-console (3.5.1) lib/web_console/middleware.rb:18:in `call'
actionpack (5.1.4) lib/action_dispatch/middleware/show_exceptions.rb:31:in `call'
railties (5.1.4) lib/rails/rack/logger.rb:36:in `call_app'
railties (5.1.4) lib/rails/rack/logger.rb:24:in `block in call'
activesupport (5.1.4) lib/active_support/tagged_logging.rb:69:in `block in tagged'
activesupport (5.1.4) lib/active_support/tagged_logging.rb:26:in `tagged'
activesupport (5.1.4) lib/active_support/tagged_logging.rb:69:in `tagged'
railties (5.1.4) lib/rails/rack/logger.rb:24:in `call'
sprockets-rails (3.2.1) lib/sprockets/rails/quiet_assets.rb:13:in `call'
actionpack (5.1.4) lib/action_dispatch/middleware/remote_ip.rb:79:in `call'
actionpack (5.1.4) lib/action_dispatch/middleware/request_id.rb:25:in `call'
rack (2.0.3) lib/rack/method_override.rb:22:in `call'
rack (2.0.3) lib/rack/runtime.rb:22:in `call'
activesupport (5.1.4) lib/active_support/cache/strategy/local_cache_middleware.rb:27:in `call'
actionpack (5.1.4) lib/action_dispatch/middleware/executor.rb:12:in `call'
actionpack (5.1.4) lib/action_dispatch/middleware/static.rb:125:in `call'
rack (2.0.3) lib/rack/sendfile.rb:111:in `call'
railties (5.1.4) lib/rails/engine.rb:522:in `call'
puma (3.10.0) lib/puma/configuration.rb:225:in `call'
puma (3.10.0) lib/puma/server.rb:605:in `handle_request'
puma (3.10.0) lib/puma/server.rb:437:in `process_client'
puma (3.10.0) lib/puma/server.rb:301:in `block in run'
puma (3.10.0) lib/puma/thread_pool.rb:120:in `block in spawn_thread'
Started GET "/restaurants" for 127.0.0.1 at 2017-09-23 17:26:57 +0100
Processing by RestaurantsController#index as HTML
  Rendering restaurants/index.html.erb within layouts/application
  [1m[36mRestaurant Exists (0.4ms)[0m  [1m[34mSELECT  1 AS one FROM "restaurants" LIMIT $1[0m  [["LIMIT", 1]]
  Rendered restaurants/index.html.erb within layouts/application (9.2ms)
Completed 200 OK in 57ms (Views: 43.5ms | ActiveRecord: 3.6ms)


Started GET "/restaurants" for 127.0.0.1 at 2017-09-23 17:27:00 +0100
Processing by RestaurantsController#index as HTML
  Rendering restaurants/index.html.erb within layouts/application
  [1m[36mRestaurant Exists (0.3ms)[0m  [1m[34mSELECT  1 AS one FROM "restaurants" LIMIT $1[0m  [["LIMIT", 1]]
  Rendered restaurants/index.html.erb within layouts/application (2.1ms)
Completed 200 OK in 31ms (Views: 27.5ms | ActiveRecord: 0.3ms)


Started GET "/restaurants/new" for 127.0.0.1 at 2017-09-23 17:27:04 +0100
Processing by RestaurantsController#new as HTML
  Rendering restaurants/new.html.erb within layouts/application
  Rendered restaurants/new.html.erb within layouts/application (59.5ms)
Completed 200 OK in 94ms (Views: 67.6ms | ActiveRecord: 19.6ms)


Started POST "/restaurants" for 127.0.0.1 at 2017-09-23 17:27:12 +0100
  
AbstractController::ActionNotFound (The action 'create' could not be found for RestaurantsController):
  
actionpack (5.1.4) lib/abstract_controller/base.rb:119:in `process'
actionview (5.1.4) lib/action_view/rendering.rb:30:in `process'
actionpack (5.1.4) lib/action_controller/metal.rb:189:in `dispatch'
actionpack (5.1.4) lib/action_controller/metal.rb:253:in `dispatch'
actionpack (5.1.4) lib/action_dispatch/routing/route_set.rb:49:in `dispatch'
actionpack (5.1.4) lib/action_dispatch/routing/route_set.rb:31:in `serve'
actionpack (5.1.4) lib/action_dispatch/journey/router.rb:50:in `block in serve'
actionpack (5.1.4) lib/action_dispatch/journey/router.rb:33:in `each'
actionpack (5.1.4) lib/action_dispatch/journey/router.rb:33:in `serve'
actionpack (5.1.4) lib/action_dispatch/routing/route_set.rb:834:in `call'
rack (2.0.3) lib/rack/etag.rb:25:in `call'
rack (2.0.3) lib/rack/conditional_get.rb:38:in `call'
rack (2.0.3) lib/rack/head.rb:12:in `call'
rack (2.0.3) lib/rack/session/abstract/id.rb:232:in `context'
rack (2.0.3) lib/rack/session/abstract/id.rb:226:in `call'
actionpack (5.1.4) lib/action_dispatch/middleware/cookies.rb:613:in `call'
activerecord (5.1.4) lib/active_record/migration.rb:556:in `call'
actionpack (5.1.4) lib/action_dispatch/middleware/callbacks.rb:26:in `block in call'
activesupport (5.1.4) lib/active_support/callbacks.rb:97:in `run_callbacks'
actionpack (5.1.4) lib/action_dispatch/middleware/callbacks.rb:24:in `call'
actionpack (5.1.4) lib/action_dispatch/middleware/executor.rb:12:in `call'
actionpack (5.1.4) lib/action_dispatch/middleware/debug_exceptions.rb:59:in `call'
web-console (3.5.1) lib/web_console/middleware.rb:135:in `call_app'
web-console (3.5.1) lib/web_console/middleware.rb:28:in `block in call'
web-console (3.5.1) lib/web_console/middleware.rb:18:in `catch'
web-console (3.5.1) lib/web_console/middleware.rb:18:in `call'
actionpack (5.1.4) lib/action_dispatch/middleware/show_exceptions.rb:31:in `call'
railties (5.1.4) lib/rails/rack/logger.rb:36:in `call_app'
railties (5.1.4) lib/rails/rack/logger.rb:24:in `block in call'
activesupport (5.1.4) lib/active_support/tagged_logging.rb:69:in `block in tagged'
activesupport (5.1.4) lib/active_support/tagged_logging.rb:26:in `tagged'
activesupport (5.1.4) lib/active_support/tagged_logging.rb:69:in `tagged'
railties (5.1.4) lib/rails/rack/logger.rb:24:in `call'
sprockets-rails (3.2.1) lib/sprockets/rails/quiet_assets.rb:13:in `call'
actionpack (5.1.4) lib/action_dispatch/middleware/remote_ip.rb:79:in `call'
actionpack (5.1.4) lib/action_dispatch/middleware/request_id.rb:25:in `call'
rack (2.0.3) lib/rack/method_override.rb:22:in `call'
rack (2.0.3) lib/rack/runtime.rb:22:in `call'
activesupport (5.1.4) lib/active_support/cache/strategy/local_cache_middleware.rb:27:in `call'
actionpack (5.1.4) lib/action_dispatch/middleware/executor.rb:12:in `call'
actionpack (5.1.4) lib/action_dispatch/middleware/static.rb:125:in `call'
rack (2.0.3) lib/rack/sendfile.rb:111:in `call'
railties (5.1.4) lib/rails/engine.rb:522:in `call'
puma (3.10.0) lib/puma/configuration.rb:225:in `call'
puma (3.10.0) lib/puma/server.rb:605:in `handle_request'
puma (3.10.0) lib/puma/server.rb:437:in `process_client'
puma (3.10.0) lib/puma/server.rb:301:in `block in run'
puma (3.10.0) lib/puma/thread_pool.rb:120:in `block in spawn_thread'
Started GET "/restaurants/" for 127.0.0.1 at 2017-09-23 18:00:41 +0100
Processing by RestaurantsController#index as HTML
  Rendering restaurants/index.html.erb within layouts/application
  [1m[36mRestaurant Exists (0.5ms)[0m  [1m[34mSELECT  1 AS one FROM "restaurants" LIMIT $1[0m  [["LIMIT", 1]]
  Rendered restaurants/index.html.erb within layouts/application (14.1ms)
Completed 200 OK in 89ms (Views: 69.0ms | ActiveRecord: 4.6ms)


Started GET "/restaurants/restaurants/new" for 127.0.0.1 at 2017-09-23 18:00:43 +0100
  
ActionController::RoutingError (No route matches [GET] "/restaurants/restaurants/new"):
  
actionpack (5.1.4) lib/action_dispatch/middleware/debug_exceptions.rb:63:in `call'
web-console (3.5.1) lib/web_console/middleware.rb:135:in `call_app'
web-console (3.5.1) lib/web_console/middleware.rb:28:in `block in call'
web-console (3.5.1) lib/web_console/middleware.rb:18:in `catch'
web-console (3.5.1) lib/web_console/middleware.rb:18:in `call'
actionpack (5.1.4) lib/action_dispatch/middleware/show_exceptions.rb:31:in `call'
railties (5.1.4) lib/rails/rack/logger.rb:36:in `call_app'
railties (5.1.4) lib/rails/rack/logger.rb:24:in `block in call'
activesupport (5.1.4) lib/active_support/tagged_logging.rb:69:in `block in tagged'
activesupport (5.1.4) lib/active_support/tagged_logging.rb:26:in `tagged'
activesupport (5.1.4) lib/active_support/tagged_logging.rb:69:in `tagged'
railties (5.1.4) lib/rails/rack/logger.rb:24:in `call'
sprockets-rails (3.2.1) lib/sprockets/rails/quiet_assets.rb:13:in `call'
actionpack (5.1.4) lib/action_dispatch/middleware/remote_ip.rb:79:in `call'
actionpack (5.1.4) lib/action_dispatch/middleware/request_id.rb:25:in `call'
rack (2.0.3) lib/rack/method_override.rb:22:in `call'
rack (2.0.3) lib/rack/runtime.rb:22:in `call'
activesupport (5.1.4) lib/active_support/cache/strategy/local_cache_middleware.rb:27:in `call'
actionpack (5.1.4) lib/action_dispatch/middleware/executor.rb:12:in `call'
actionpack (5.1.4) lib/action_dispatch/middleware/static.rb:125:in `call'
rack (2.0.3) lib/rack/sendfile.rb:111:in `call'
railties (5.1.4) lib/rails/engine.rb:522:in `call'
puma (3.10.0) lib/puma/configuration.rb:225:in `call'
puma (3.10.0) lib/puma/server.rb:605:in `handle_request'
puma (3.10.0) lib/puma/server.rb:437:in `process_client'
puma (3.10.0) lib/puma/server.rb:301:in `block in run'
puma (3.10.0) lib/puma/thread_pool.rb:120:in `block in spawn_thread'
Started GET "/restaurants/" for 127.0.0.1 at 2017-09-23 18:02:57 +0100
Processing by RestaurantsController#index as HTML
  Rendering restaurants/index.html.erb within layouts/application
  [1m[36mRestaurant Exists (0.8ms)[0m  [1m[34mSELECT  1 AS one FROM "restaurants" LIMIT $1[0m  [["LIMIT", 1]]
  Rendered restaurants/index.html.erb within layouts/application (5.5ms)
Completed 200 OK in 65ms (Views: 58.7ms | ActiveRecord: 0.8ms)


Started GET "/restaurants/restaurants" for 127.0.0.1 at 2017-09-23 18:02:59 +0100
  
AbstractController::ActionNotFound (The action 'show' could not be found for RestaurantsController):
  
actionpack (5.1.4) lib/abstract_controller/base.rb:119:in `process'
actionview (5.1.4) lib/action_view/rendering.rb:30:in `process'
actionpack (5.1.4) lib/action_controller/metal.rb:189:in `dispatch'
actionpack (5.1.4) lib/action_controller/metal.rb:253:in `dispatch'
actionpack (5.1.4) lib/action_dispatch/routing/route_set.rb:49:in `dispatch'
actionpack (5.1.4) lib/action_dispatch/routing/route_set.rb:31:in `serve'
actionpack (5.1.4) lib/action_dispatch/journey/router.rb:50:in `block in serve'
actionpack (5.1.4) lib/action_dispatch/journey/router.rb:33:in `each'
actionpack (5.1.4) lib/action_dispatch/journey/router.rb:33:in `serve'
actionpack (5.1.4) lib/action_dispatch/routing/route_set.rb:834:in `call'
rack (2.0.3) lib/rack/etag.rb:25:in `call'
rack (2.0.3) lib/rack/conditional_get.rb:25:in `call'
rack (2.0.3) lib/rack/head.rb:12:in `call'
rack (2.0.3) lib/rack/session/abstract/id.rb:232:in `context'
rack (2.0.3) lib/rack/session/abstract/id.rb:226:in `call'
actionpack (5.1.4) lib/action_dispatch/middleware/cookies.rb:613:in `call'
activerecord (5.1.4) lib/active_record/migration.rb:556:in `call'
actionpack (5.1.4) lib/action_dispatch/middleware/callbacks.rb:26:in `block in call'
activesupport (5.1.4) lib/active_support/callbacks.rb:97:in `run_callbacks'
actionpack (5.1.4) lib/action_dispatch/middleware/callbacks.rb:24:in `call'
actionpack (5.1.4) lib/action_dispatch/middleware/executor.rb:12:in `call'
actionpack (5.1.4) lib/action_dispatch/middleware/debug_exceptions.rb:59:in `call'
web-console (3.5.1) lib/web_console/middleware.rb:135:in `call_app'
web-console (3.5.1) lib/web_console/middleware.rb:28:in `block in call'
web-console (3.5.1) lib/web_console/middleware.rb:18:in `catch'
web-console (3.5.1) lib/web_console/middleware.rb:18:in `call'
actionpack (5.1.4) lib/action_dispatch/middleware/show_exceptions.rb:31:in `call'
railties (5.1.4) lib/rails/rack/logger.rb:36:in `call_app'
railties (5.1.4) lib/rails/rack/logger.rb:24:in `block in call'
activesupport (5.1.4) lib/active_support/tagged_logging.rb:69:in `block in tagged'
activesupport (5.1.4) lib/active_support/tagged_logging.rb:26:in `tagged'
activesupport (5.1.4) lib/active_support/tagged_logging.rb:69:in `tagged'
railties (5.1.4) lib/rails/rack/logger.rb:24:in `call'
sprockets-rails (3.2.1) lib/sprockets/rails/quiet_assets.rb:13:in `call'
actionpack (5.1.4) lib/action_dispatch/middleware/remote_ip.rb:79:in `call'
actionpack (5.1.4) lib/action_dispatch/middleware/request_id.rb:25:in `call'
rack (2.0.3) lib/rack/method_override.rb:22:in `call'
rack (2.0.3) lib/rack/runtime.rb:22:in `call'
activesupport (5.1.4) lib/active_support/cache/strategy/local_cache_middleware.rb:27:in `call'
actionpack (5.1.4) lib/action_dispatch/middleware/executor.rb:12:in `call'
actionpack (5.1.4) lib/action_dispatch/middleware/static.rb:125:in `call'
rack (2.0.3) lib/rack/sendfile.rb:111:in `call'
railties (5.1.4) lib/rails/engine.rb:522:in `call'
puma (3.10.0) lib/puma/configuration.rb:225:in `call'
puma (3.10.0) lib/puma/server.rb:605:in `handle_request'
puma (3.10.0) lib/puma/server.rb:437:in `process_client'
puma (3.10.0) lib/puma/server.rb:301:in `block in run'
puma (3.10.0) lib/puma/thread_pool.rb:120:in `block in spawn_thread'
Started GET "/restaurants/restaurants" for 127.0.0.1 at 2017-09-23 18:03:09 +0100
  
AbstractController::ActionNotFound (The action 'show' could not be found for RestaurantsController):
  
actionpack (5.1.4) lib/abstract_controller/base.rb:119:in `process'
actionview (5.1.4) lib/action_view/rendering.rb:30:in `process'
actionpack (5.1.4) lib/action_controller/metal.rb:189:in `dispatch'
actionpack (5.1.4) lib/action_controller/metal.rb:253:in `dispatch'
actionpack (5.1.4) lib/action_dispatch/routing/route_set.rb:49:in `dispatch'
actionpack (5.1.4) lib/action_dispatch/routing/route_set.rb:31:in `serve'
actionpack (5.1.4) lib/action_dispatch/journey/router.rb:50:in `block in serve'
actionpack (5.1.4) lib/action_dispatch/journey/router.rb:33:in `each'
actionpack (5.1.4) lib/action_dispatch/journey/router.rb:33:in `serve'
actionpack (5.1.4) lib/action_dispatch/routing/route_set.rb:834:in `call'
rack (2.0.3) lib/rack/etag.rb:25:in `call'
rack (2.0.3) lib/rack/conditional_get.rb:25:in `call'
rack (2.0.3) lib/rack/head.rb:12:in `call'
rack (2.0.3) lib/rack/session/abstract/id.rb:232:in `context'
rack (2.0.3) lib/rack/session/abstract/id.rb:226:in `call'
actionpack (5.1.4) lib/action_dispatch/middleware/cookies.rb:613:in `call'
activerecord (5.1.4) lib/active_record/migration.rb:556:in `call'
actionpack (5.1.4) lib/action_dispatch/middleware/callbacks.rb:26:in `block in call'
activesupport (5.1.4) lib/active_support/callbacks.rb:97:in `run_callbacks'
actionpack (5.1.4) lib/action_dispatch/middleware/callbacks.rb:24:in `call'
actionpack (5.1.4) lib/action_dispatch/middleware/executor.rb:12:in `call'
actionpack (5.1.4) lib/action_dispatch/middleware/debug_exceptions.rb:59:in `call'
web-console (3.5.1) lib/web_console/middleware.rb:135:in `call_app'
web-console (3.5.1) lib/web_console/middleware.rb:28:in `block in call'
web-console (3.5.1) lib/web_console/middleware.rb:18:in `catch'
web-console (3.5.1) lib/web_console/middleware.rb:18:in `call'
actionpack (5.1.4) lib/action_dispatch/middleware/show_exceptions.rb:31:in `call'
railties (5.1.4) lib/rails/rack/logger.rb:36:in `call_app'
railties (5.1.4) lib/rails/rack/logger.rb:24:in `block in call'
activesupport (5.1.4) lib/active_support/tagged_logging.rb:69:in `block in tagged'
activesupport (5.1.4) lib/active_support/tagged_logging.rb:26:in `tagged'
activesupport (5.1.4) lib/active_support/tagged_logging.rb:69:in `tagged'
railties (5.1.4) lib/rails/rack/logger.rb:24:in `call'
sprockets-rails (3.2.1) lib/sprockets/rails/quiet_assets.rb:13:in `call'
actionpack (5.1.4) lib/action_dispatch/middleware/remote_ip.rb:79:in `call'
actionpack (5.1.4) lib/action_dispatch/middleware/request_id.rb:25:in `call'
rack (2.0.3) lib/rack/method_override.rb:22:in `call'
rack (2.0.3) lib/rack/runtime.rb:22:in `call'
activesupport (5.1.4) lib/active_support/cache/strategy/local_cache_middleware.rb:27:in `call'
actionpack (5.1.4) lib/action_dispatch/middleware/executor.rb:12:in `call'
actionpack (5.1.4) lib/action_dispatch/middleware/static.rb:125:in `call'
rack (2.0.3) lib/rack/sendfile.rb:111:in `call'
railties (5.1.4) lib/rails/engine.rb:522:in `call'
puma (3.10.0) lib/puma/configuration.rb:225:in `call'
puma (3.10.0) lib/puma/server.rb:605:in `handle_request'
puma (3.10.0) lib/puma/server.rb:437:in `process_client'
puma (3.10.0) lib/puma/server.rb:301:in `block in run'
puma (3.10.0) lib/puma/thread_pool.rb:120:in `block in spawn_thread'
Started GET "/restaurants/" for 127.0.0.1 at 2017-09-23 18:03:13 +0100
Processing by RestaurantsController#index as HTML
  Rendering restaurants/index.html.erb within layouts/application
  [1m[36mRestaurant Exists (0.7ms)[0m  [1m[34mSELECT  1 AS one FROM "restaurants" LIMIT $1[0m  [["LIMIT", 1]]
  Rendered restaurants/index.html.erb within layouts/application (3.3ms)
Completed 200 OK in 34ms (Views: 29.9ms | ActiveRecord: 0.7ms)


Started GET "/restaurants/new" for 127.0.0.1 at 2017-09-23 18:03:15 +0100
Processing by RestaurantsController#new as HTML
  Rendering restaurants/new.html.erb within layouts/application
  Rendered restaurants/new.html.erb within layouts/application (6.3ms)
Completed 500 Internal Server Error in 46ms (ActiveRecord: 9.0ms)


  
ActionView::Template::Error (First argument in form cannot contain nil or be empty):
    1: <%= form_for @restaurant do |f| %>
    2:   <%= f.label :name %>
    3:   <%= f.text_field :name %>
    4:   <%= f.submit %>
  
app/views/restaurants/new.html.erb:1:in `_app_views_restaurants_new_html_erb__1432309701429457781_70116195017440'
Started GET "/restaurants/" for 127.0.0.1 at 2017-09-23 18:06:13 +0100
Processing by RestaurantsController#index as HTML
  Rendering restaurants/index.html.erb within layouts/application
  [1m[36mRestaurant Exists (0.4ms)[0m  [1m[34mSELECT  1 AS one FROM "restaurants" LIMIT $1[0m  [["LIMIT", 1]]
  Rendered restaurants/index.html.erb within layouts/application (3.2ms)
Completed 200 OK in 41ms (Views: 38.1ms | ActiveRecord: 0.4ms)


Started GET "/new" for 127.0.0.1 at 2017-09-23 18:06:15 +0100
  
ActionController::RoutingError (No route matches [GET] "/new"):
  
actionpack (5.1.4) lib/action_dispatch/middleware/debug_exceptions.rb:63:in `call'
web-console (3.5.1) lib/web_console/middleware.rb:135:in `call_app'
web-console (3.5.1) lib/web_console/middleware.rb:28:in `block in call'
web-console (3.5.1) lib/web_console/middleware.rb:18:in `catch'
web-console (3.5.1) lib/web_console/middleware.rb:18:in `call'
actionpack (5.1.4) lib/action_dispatch/middleware/show_exceptions.rb:31:in `call'
railties (5.1.4) lib/rails/rack/logger.rb:36:in `call_app'
railties (5.1.4) lib/rails/rack/logger.rb:24:in `block in call'
activesupport (5.1.4) lib/active_support/tagged_logging.rb:69:in `block in tagged'
activesupport (5.1.4) lib/active_support/tagged_logging.rb:26:in `tagged'
activesupport (5.1.4) lib/active_support/tagged_logging.rb:69:in `tagged'
railties (5.1.4) lib/rails/rack/logger.rb:24:in `call'
sprockets-rails (3.2.1) lib/sprockets/rails/quiet_assets.rb:13:in `call'
actionpack (5.1.4) lib/action_dispatch/middleware/remote_ip.rb:79:in `call'
actionpack (5.1.4) lib/action_dispatch/middleware/request_id.rb:25:in `call'
rack (2.0.3) lib/rack/method_override.rb:22:in `call'
rack (2.0.3) lib/rack/runtime.rb:22:in `call'
activesupport (5.1.4) lib/active_support/cache/strategy/local_cache_middleware.rb:27:in `call'
actionpack (5.1.4) lib/action_dispatch/middleware/executor.rb:12:in `call'
actionpack (5.1.4) lib/action_dispatch/middleware/static.rb:125:in `call'
rack (2.0.3) lib/rack/sendfile.rb:111:in `call'
railties (5.1.4) lib/rails/engine.rb:522:in `call'
puma (3.10.0) lib/puma/configuration.rb:225:in `call'
puma (3.10.0) lib/puma/server.rb:605:in `handle_request'
puma (3.10.0) lib/puma/server.rb:437:in `process_client'
puma (3.10.0) lib/puma/server.rb:301:in `block in run'
puma (3.10.0) lib/puma/thread_pool.rb:120:in `block in spawn_thread'
Started GET "/restaurants/" for 127.0.0.1 at 2017-09-23 18:06:48 +0100
Processing by RestaurantsController#index as HTML
  Rendering restaurants/index.html.erb within layouts/application
  [1m[36mRestaurant Exists (0.6ms)[0m  [1m[34mSELECT  1 AS one FROM "restaurants" LIMIT $1[0m  [["LIMIT", 1]]
  Rendered restaurants/index.html.erb within layouts/application (3.0ms)
Completed 200 OK in 44ms (Views: 39.6ms | ActiveRecord: 0.6ms)


Started GET "/restaurants/new" for 127.0.0.1 at 2017-09-23 18:06:50 +0100
Processing by RestaurantsController#new as HTML
  Rendering restaurants/new.html.erb within layouts/application
  Rendered restaurants/new.html.erb within layouts/application (3.7ms)
Completed 500 Internal Server Error in 15ms (ActiveRecord: 0.0ms)


  
ActionView::Template::Error (First argument in form cannot contain nil or be empty):
    1: <%= form_for @restaurant do |f| %>
    2:   <%= f.label :name %>
    3:   <%= f.text_field :name %>
    4:   <%= f.submit %>
  
app/views/restaurants/new.html.erb:1:in `_app_views_restaurants_new_html_erb__1432309701429457781_70116201496380'
Started GET "/restaurants/new" for 127.0.0.1 at 2017-09-23 18:26:41 +0100
Processing by RestaurantsController#new as HTML
  Rendering restaurants/new.html.erb within layouts/application
  Rendered restaurants/new.html.erb within layouts/application (21.9ms)
Completed 200 OK in 103ms (Views: 84.1ms | ActiveRecord: 0.0ms)


Started POST "/restaurants" for 127.0.0.1 at 2017-09-23 18:26:49 +0100
Processing by RestaurantsController#create as HTML
  Parameters: {"utf8"=>"✓", "authenticity_token"=>"taok8BHA6tN9il4vzR5Nu2HV/LeWwmuhFwWDKCBtCIGOoAo6pqixpu+fPF1SAeFrmZrK8kuYW5jpDltbNS8Hdw==", "restaurant"=>{"name"=>"KFC"}, "commit"=>"Create Restaurant"}
  [1m[35m (0.4ms)[0m  [1m[35mBEGIN[0m
  [1m[35mSQL (4.2ms)[0m  [1m[32mINSERT INTO "restaurants" ("name", "created_at", "updated_at") VALUES ($1, $2, $3) RETURNING "id"[0m  [["name", "KFC"], ["created_at", "2017-09-23 17:26:49.502073"], ["updated_at", "2017-09-23 17:26:49.502073"]]
  [1m[35m (0.5ms)[0m  [1m[35mCOMMIT[0m
Redirected to http://localhost:3000/restaurants
Completed 302 Found in 24ms (ActiveRecord: 5.2ms)


Started GET "/restaurants" for 127.0.0.1 at 2017-09-23 18:26:49 +0100
Processing by RestaurantsController#index as HTML
  Rendering restaurants/index.html.erb within layouts/application
  [1m[36mRestaurant Exists (0.7ms)[0m  [1m[34mSELECT  1 AS one FROM "restaurants" LIMIT $1[0m  [["LIMIT", 1]]
  [1m[36mRestaurant Load (0.3ms)[0m  [1m[34mSELECT "restaurants".* FROM "restaurants"[0m
  Rendered restaurants/index.html.erb within layouts/application (10.0ms)
Completed 200 OK in 43ms (Views: 39.2ms | ActiveRecord: 1.0ms)


Started GET "/restaurants/new" for 127.0.0.1 at 2017-09-23 18:26:52 +0100
Processing by RestaurantsController#new as HTML
  Rendering restaurants/new.html.erb within layouts/application
  Rendered restaurants/new.html.erb within layouts/application (8.9ms)
Completed 200 OK in 61ms (Views: 53.1ms | ActiveRecord: 0.0ms)


Started POST "/restaurants" for 127.0.0.1 at 2017-09-23 18:26:58 +0100
Processing by RestaurantsController#create as HTML
  Parameters: {"utf8"=>"✓", "authenticity_token"=>"AdL0tKDXzBg4vS07BDbz2HK6X/4fZ/UkuY3Oo7FLoJsCddtBKQBkdodyLmVUZY8fc0vw5utFBA+3RMTxpDxY8Q==", "restaurant"=>{"name"=>"Pizza Hut"}, "commit"=>"Create Restaurant"}
  [1m[35m (0.2ms)[0m  [1m[35mBEGIN[0m
  [1m[35mSQL (0.9ms)[0m  [1m[32mINSERT INTO "restaurants" ("name", "created_at", "updated_at") VALUES ($1, $2, $3) RETURNING "id"[0m  [["name", "Pizza Hut"], ["created_at", "2017-09-23 17:26:58.605960"], ["updated_at", "2017-09-23 17:26:58.605960"]]
  [1m[35m (0.5ms)[0m  [1m[35mCOMMIT[0m
Redirected to http://localhost:3000/restaurants
Completed 302 Found in 7ms (ActiveRecord: 1.6ms)


Started GET "/restaurants" for 127.0.0.1 at 2017-09-23 18:26:58 +0100
Processing by RestaurantsController#index as HTML
  Rendering restaurants/index.html.erb within layouts/application
  [1m[36mRestaurant Exists (0.5ms)[0m  [1m[34mSELECT  1 AS one FROM "restaurants" LIMIT $1[0m  [["LIMIT", 1]]
  [1m[36mRestaurant Load (0.4ms)[0m  [1m[34mSELECT "restaurants".* FROM "restaurants"[0m
  Rendered restaurants/index.html.erb within layouts/application (5.0ms)
Completed 200 OK in 62ms (Views: 58.2ms | ActiveRecord: 0.9ms)


Started GET "/restaurants/new" for 127.0.0.1 at 2017-09-23 18:27:02 +0100
Processing by RestaurantsController#new as HTML
  Rendering restaurants/new.html.erb within layouts/application
  Rendered restaurants/new.html.erb within layouts/application (5.0ms)
Completed 200 OK in 51ms (Views: 47.7ms | ActiveRecord: 0.0ms)


Started GET "/restaurants/" for 127.0.0.1 at 2017-09-23 18:27:06 +0100
Processing by RestaurantsController#index as HTML
  Rendering restaurants/index.html.erb within layouts/application
  [1m[36mRestaurant Exists (0.6ms)[0m  [1m[34mSELECT  1 AS one FROM "restaurants" LIMIT $1[0m  [["LIMIT", 1]]
  [1m[36mRestaurant Load (0.5ms)[0m  [1m[34mSELECT "restaurants".* FROM "restaurants"[0m
  Rendered restaurants/index.html.erb within layouts/application (4.5ms)
Completed 200 OK in 38ms (Views: 33.2ms | ActiveRecord: 1.0ms)


Started GET "/restaurants/" for 127.0.0.1 at 2017-09-23 18:54:34 +0100
Processing by RestaurantsController#index as HTML
  Rendering restaurants/index.html.erb within layouts/application
  [1m[36mRestaurant Exists (0.7ms)[0m  [1m[34mSELECT  1 AS one FROM "restaurants" LIMIT $1[0m  [["LIMIT", 1]]
  [1m[36mRestaurant Load (0.4ms)[0m  [1m[34mSELECT "restaurants".* FROM "restaurants"[0m
  Rendered restaurants/index.html.erb within layouts/application (25.7ms)
Completed 200 OK in 77ms (Views: 57.2ms | ActiveRecord: 8.2ms)


Started GET "/restaurants/new" for 127.0.0.1 at 2017-09-23 18:54:37 +0100
Processing by RestaurantsController#new as HTML
  Rendering restaurants/new.html.erb within layouts/application
  Rendered restaurants/new.html.erb within layouts/application (11.1ms)
Completed 200 OK in 58ms (Views: 52.3ms | ActiveRecord: 0.0ms)


Started POST "/restaurants" for 127.0.0.1 at 2017-09-23 18:54:43 +0100
Processing by RestaurantsController#create as HTML
  Parameters: {"utf8"=>"✓", "authenticity_token"=>"C0CPfaJetkXHitaIQJQMBRK80SjwvZWCLaZnKyzgvycI56CIK4keK3hF1dYQx3DCE01+MASfZKkjb215OZdHTQ==", "restaurant"=>{"name"=>"Pizza Express"}, "commit"=>"Create Restaurant"}
  [1m[35m (0.2ms)[0m  [1m[35mBEGIN[0m
  [1m[35mSQL (0.8ms)[0m  [1m[32mINSERT INTO "restaurants" ("name", "created_at", "updated_at") VALUES ($1, $2, $3) RETURNING "id"[0m  [["name", "Pizza Express"], ["created_at", "2017-09-23 17:54:43.817945"], ["updated_at", "2017-09-23 17:54:43.817945"]]
  [1m[35m (6.4ms)[0m  [1m[35mCOMMIT[0m
Redirected to http://localhost:3000/restaurants
Completed 302 Found in 15ms (ActiveRecord: 7.4ms)


Started GET "/restaurants" for 127.0.0.1 at 2017-09-23 18:54:43 +0100
Processing by RestaurantsController#index as HTML
  Rendering restaurants/index.html.erb within layouts/application
  [1m[36mRestaurant Exists (0.5ms)[0m  [1m[34mSELECT  1 AS one FROM "restaurants" LIMIT $1[0m  [["LIMIT", 1]]
  [1m[36mRestaurant Load (0.5ms)[0m  [1m[34mSELECT "restaurants".* FROM "restaurants"[0m
  Rendered restaurants/index.html.erb within layouts/application (4.4ms)
Completed 200 OK in 49ms (Views: 44.9ms | ActiveRecord: 1.0ms)


Started GET "/restaurants/3" for 127.0.0.1 at 2017-09-23 18:54:45 +0100
Processing by RestaurantsController#show as HTML
  Parameters: {"id"=>"3"}
  [1m[36mRestaurant Load (1.0ms)[0m  [1m[34mSELECT  "restaurants".* FROM "restaurants" WHERE "restaurants"."id" = $1 LIMIT $2[0m  [["id", 3], ["LIMIT", 1]]
  Rendering restaurants/show.html.erb within layouts/application
  Rendered restaurants/show.html.erb within layouts/application (1.3ms)
Completed 200 OK in 62ms (Views: 40.9ms | ActiveRecord: 5.7ms)


  [1m[35m (0.6ms)[0m  [1m[34mSELECT pg_try_advisory_lock(8692138485699695145)[0m
  [1m[35m (7.2ms)[0m  [1m[34mSELECT "schema_migrations"."version" FROM "schema_migrations" ORDER BY "schema_migrations"."version" ASC[0m
Migrating to AddDescriptionToRestaurants (20170923210400)
  [1m[35m (0.2ms)[0m  [1m[35mBEGIN[0m
  [1m[35m (35.3ms)[0m  [1m[35mALTER TABLE "restaurants" ADD "description" text[0m
  [1m[35mSQL (1.8ms)[0m  [1m[32mINSERT INTO "schema_migrations" ("version") VALUES ($1) RETURNING "version"[0m  [["version", "20170923210400"]]
  [1m[35m (1.4ms)[0m  [1m[35mCOMMIT[0m
  [1m[36mActiveRecord::InternalMetadata Load (0.5ms)[0m  [1m[34mSELECT  "ar_internal_metadata".* FROM "ar_internal_metadata" WHERE "ar_internal_metadata"."key" = $1 LIMIT $2[0m  [["key", "environment"], ["LIMIT", 1]]
  [1m[35m (0.2ms)[0m  [1m[35mBEGIN[0m
  [1m[35m (0.2ms)[0m  [1m[35mCOMMIT[0m
  [1m[35m (0.3ms)[0m  [1m[34mSELECT pg_advisory_unlock(8692138485699695145)[0m
  [1m[35m (0.4ms)[0m  [1m[34mSELECT "schema_migrations"."version" FROM "schema_migrations" ORDER BY "schema_migrations"."version" ASC[0m
Started GET "/restaurants" for 127.0.0.1 at 2017-09-23 22:06:19 +0100
  [1m[35m (0.6ms)[0m  [1m[34mSELECT "schema_migrations"."version" FROM "schema_migrations" ORDER BY "schema_migrations"."version" ASC[0m
Processing by RestaurantsController#index as HTML
  Rendering restaurants/index.html.erb within layouts/application
  [1m[36mRestaurant Exists (0.6ms)[0m  [1m[34mSELECT  1 AS one FROM "restaurants" LIMIT $1[0m  [["LIMIT", 1]]
  [1m[36mRestaurant Load (0.6ms)[0m  [1m[34mSELECT "restaurants".* FROM "restaurants"[0m
  Rendered restaurants/index.html.erb within layouts/application (35.8ms)
Completed 200 OK in 82ms (Views: 61.8ms | ActiveRecord: 9.9ms)


Started GET "/restaurants/new" for 127.0.0.1 at 2017-09-23 22:06:22 +0100
Processing by RestaurantsController#new as HTML
  Rendering restaurants/new.html.erb within layouts/application
  Rendered restaurants/new.html.erb within layouts/application (13.1ms)
Completed 200 OK in 51ms (Views: 47.5ms | ActiveRecord: 0.0ms)


Started POST "/restaurants" for 127.0.0.1 at 2017-09-23 22:06:28 +0100
Processing by RestaurantsController#create as HTML
  Parameters: {"utf8"=>"✓", "authenticity_token"=>"WlW9NYlNpDavkIopytkYZqQodfFHNWMm0LJdgCQJn9RZ8pLAAJoMWBBfiXeaimShpdna6bMXkg3ee1fSMX5nvg==", "restaurant"=>{"name"=>"Subway"}, "commit"=>"Create Restaurant"}
  [1m[35m (0.2ms)[0m  [1m[35mBEGIN[0m
  [1m[35mSQL (1.0ms)[0m  [1m[32mINSERT INTO "restaurants" ("name", "created_at", "updated_at") VALUES ($1, $2, $3) RETURNING "id"[0m  [["name", "Subway"], ["created_at", "2017-09-23 21:06:28.700066"], ["updated_at", "2017-09-23 21:06:28.700066"]]
  [1m[35m (6.4ms)[0m  [1m[35mCOMMIT[0m
Redirected to http://localhost:3000/restaurants
Completed 302 Found in 14ms (ActiveRecord: 7.6ms)


Started GET "/restaurants" for 127.0.0.1 at 2017-09-23 22:06:28 +0100
Processing by RestaurantsController#index as HTML
  Rendering restaurants/index.html.erb within layouts/application
  [1m[36mRestaurant Exists (0.3ms)[0m  [1m[34mSELECT  1 AS one FROM "restaurants" LIMIT $1[0m  [["LIMIT", 1]]
  [1m[36mRestaurant Load (0.3ms)[0m  [1m[34mSELECT "restaurants".* FROM "restaurants"[0m
  Rendered restaurants/index.html.erb within layouts/application (3.6ms)
Completed 200 OK in 31ms (Views: 27.0ms | ActiveRecord: 0.6ms)


Started GET "/restaurants/4" for 127.0.0.1 at 2017-09-23 22:06:30 +0100
Processing by RestaurantsController#show as HTML
  Parameters: {"id"=>"4"}
  [1m[36mRestaurant Load (21.6ms)[0m  [1m[34mSELECT  "restaurants".* FROM "restaurants" WHERE "restaurants"."id" = $1 LIMIT $2[0m  [["id", 4], ["LIMIT", 1]]
  [1m[36mRestaurant Load (0.6ms)[0m  [1m[34mSELECT  "restaurants".* FROM "restaurants" WHERE "restaurants"."id" = $1 LIMIT $2[0m  [["id", 4], ["LIMIT", 1]]
  Rendering restaurants/show.html.erb within layouts/application
  Rendered restaurants/show.html.erb within layouts/application (1.0ms)
Completed 200 OK in 66ms (Views: 31.8ms | ActiveRecord: 22.2ms)


Started GET "/restaurants/" for 127.0.0.1 at 2017-09-23 22:22:58 +0100
Processing by RestaurantsController#index as HTML
  Rendering restaurants/index.html.erb within layouts/application
  [1m[36mRestaurant Exists (0.5ms)[0m  [1m[34mSELECT  1 AS one FROM "restaurants" LIMIT $1[0m  [["LIMIT", 1]]
  [1m[36mRestaurant Load (0.4ms)[0m  [1m[34mSELECT "restaurants".* FROM "restaurants"[0m
  Rendered restaurants/index.html.erb within layouts/application (19.7ms)
Completed 200 OK in 52ms (Views: 39.7ms | ActiveRecord: 6.5ms)


Started GET "/restaurants/2/edit" for 127.0.0.1 at 2017-09-23 22:23:03 +0100
Processing by RestaurantsController#edit as HTML
  Parameters: {"id"=>"2"}
  [1m[36mRestaurant Load (0.4ms)[0m  [1m[34mSELECT  "restaurants".* FROM "restaurants" WHERE "restaurants"."id" = $1 LIMIT $2[0m  [["id", 2], ["LIMIT", 1]]
  Rendering restaurants/edit.html.erb within layouts/application
  Rendered restaurants/edit.html.erb within layouts/application (10.2ms)
Completed 200 OK in 56ms (Views: 48.6ms | ActiveRecord: 0.4ms)


Started PATCH "/restaurants/2" for 127.0.0.1 at 2017-09-23 22:23:14 +0100
Processing by RestaurantsController#update as HTML
  Parameters: {"utf8"=>"✓", "authenticity_token"=>"H8HLT6onD3sr9ZoMdeITSmXFOKqswOQGVWP4NgUJlIYy/wpzXT3lQYKCbqG8WqddhZLBb+cHrkMNoQ201X6mow==", "restaurant"=>{"name"=>"Pizza Hut", "description"=>"Loadsa Cheese!"}, "commit"=>"Update Restaurant", "id"=>"2"}
  [1m[36mRestaurant Load (0.6ms)[0m  [1m[34mSELECT  "restaurants".* FROM "restaurants" WHERE "restaurants"."id" = $1 LIMIT $2[0m  [["id", 2], ["LIMIT", 1]]
Unpermitted parameter: :description
  [1m[35m (0.2ms)[0m  [1m[35mBEGIN[0m
  [1m[35m (0.2ms)[0m  [1m[35mCOMMIT[0m
Redirected to http://localhost:3000/restaurants
Completed 302 Found in 10ms (ActiveRecord: 1.0ms)


Started GET "/restaurants" for 127.0.0.1 at 2017-09-23 22:23:14 +0100
Processing by RestaurantsController#index as HTML
  Rendering restaurants/index.html.erb within layouts/application
  [1m[36mRestaurant Exists (0.3ms)[0m  [1m[34mSELECT  1 AS one FROM "restaurants" LIMIT $1[0m  [["LIMIT", 1]]
  [1m[36mRestaurant Load (0.3ms)[0m  [1m[34mSELECT "restaurants".* FROM "restaurants"[0m
  Rendered restaurants/index.html.erb within layouts/application (4.0ms)
Completed 200 OK in 31ms (Views: 26.5ms | ActiveRecord: 0.6ms)


Started GET "/restaurants/2/edit" for 127.0.0.1 at 2017-09-23 22:23:19 +0100
Processing by RestaurantsController#edit as HTML
  Parameters: {"id"=>"2"}
  [1m[36mRestaurant Load (0.3ms)[0m  [1m[34mSELECT  "restaurants".* FROM "restaurants" WHERE "restaurants"."id" = $1 LIMIT $2[0m  [["id", 2], ["LIMIT", 1]]
  Rendering restaurants/edit.html.erb within layouts/application
  Rendered restaurants/edit.html.erb within layouts/application (4.4ms)
Completed 200 OK in 43ms (Views: 37.7ms | ActiveRecord: 0.3ms)


Started GET "/restaurants/2" for 127.0.0.1 at 2017-09-23 22:23:27 +0100
Processing by RestaurantsController#show as HTML
  Parameters: {"id"=>"2"}
  [1m[36mRestaurant Load (0.3ms)[0m  [1m[34mSELECT  "restaurants".* FROM "restaurants" WHERE "restaurants"."id" = $1 LIMIT $2[0m  [["id", 2], ["LIMIT", 1]]
  Rendering restaurants/show.html.erb within layouts/application
  Rendered restaurants/show.html.erb within layouts/application (0.9ms)
Completed 200 OK in 42ms (Views: 35.3ms | ActiveRecord: 0.3ms)


Started GET "/restaurants/2" for 127.0.0.1 at 2017-09-23 22:23:50 +0100
Processing by RestaurantsController#show as HTML
  Parameters: {"id"=>"2"}
  [1m[36mRestaurant Load (0.6ms)[0m  [1m[34mSELECT  "restaurants".* FROM "restaurants" WHERE "restaurants"."id" = $1 LIMIT $2[0m  [["id", 2], ["LIMIT", 1]]
  Rendering restaurants/show.html.erb within layouts/application
  Rendered restaurants/show.html.erb within layouts/application (0.9ms)
Completed 200 OK in 53ms (Views: 45.3ms | ActiveRecord: 0.6ms)


Started GET "/restaurants/" for 127.0.0.1 at 2017-09-23 22:24:42 +0100
Processing by RestaurantsController#index as HTML
  Rendering restaurants/index.html.erb within layouts/application
  [1m[36mRestaurant Exists (0.3ms)[0m  [1m[34mSELECT  1 AS one FROM "restaurants" LIMIT $1[0m  [["LIMIT", 1]]
  [1m[36mRestaurant Load (0.3ms)[0m  [1m[34mSELECT "restaurants".* FROM "restaurants"[0m
  Rendered restaurants/index.html.erb within layouts/application (3.5ms)
Completed 200 OK in 28ms (Views: 24.6ms | ActiveRecord: 0.6ms)


Started GET "/restaurants/" for 127.0.0.1 at 2017-09-23 22:25:51 +0100
Processing by RestaurantsController#index as HTML
  Rendering restaurants/index.html.erb within layouts/application
  [1m[36mRestaurant Exists (0.3ms)[0m  [1m[34mSELECT  1 AS one FROM "restaurants" LIMIT $1[0m  [["LIMIT", 1]]
  [1m[36mRestaurant Load (0.4ms)[0m  [1m[34mSELECT "restaurants".* FROM "restaurants"[0m
  Rendered restaurants/index.html.erb within layouts/application (351.6ms)
Completed 500 Internal Server Error in 358ms (ActiveRecord: 0.7ms)


  
ActionView::Template::Error (undefined local variable or method `description' for #<#<Class:0x007f8a65c5cc80>:0x007f8a65eafbe0>):
     7:   <body>
     8:     <% if @restaurants.any? %>
     9:     <% @restaurants.each do |restaurant| %>
    10:       <%= link_to restaurant.name, restaurant_path(restaurant, description) %>
    11:       <%= link_to "Edit #{restaurant.name}", edit_restaurant_path(restaurant) %>
    12: 
    13:     <% end %>
  
app/views/restaurants/index.html.erb:10:in `block in _app_views_restaurants_index_html_erb___3410666153106297692_70116198016460'
app/views/restaurants/index.html.erb:9:in `_app_views_restaurants_index_html_erb___3410666153106297692_70116198016460'
Started GET "/restaurants/" for 127.0.0.1 at 2017-09-23 22:27:31 +0100
Processing by RestaurantsController#index as HTML
  Rendering restaurants/index.html.erb within layouts/application
  [1m[36mRestaurant Exists (0.3ms)[0m  [1m[34mSELECT  1 AS one FROM "restaurants" LIMIT $1[0m  [["LIMIT", 1]]
  [1m[36mRestaurant Load (0.2ms)[0m  [1m[34mSELECT "restaurants".* FROM "restaurants"[0m
  Rendered restaurants/index.html.erb within layouts/application (3.2ms)
Completed 200 OK in 32ms (Views: 28.4ms | ActiveRecord: 0.5ms)


Started GET "/restaurants/1" for 127.0.0.1 at 2017-09-23 22:27:34 +0100
Processing by RestaurantsController#show as HTML
  Parameters: {"id"=>"1"}
  [1m[36mRestaurant Load (0.2ms)[0m  [1m[34mSELECT  "restaurants".* FROM "restaurants" WHERE "restaurants"."id" = $1 LIMIT $2[0m  [["id", 1], ["LIMIT", 1]]
  Rendering restaurants/show.html.erb within layouts/application
  Rendered restaurants/show.html.erb within layouts/application (0.8ms)
Completed 200 OK in 36ms (Views: 31.6ms | ActiveRecord: 0.2ms)


Started GET "/restaurants/1/edit" for 127.0.0.1 at 2017-09-23 22:27:36 +0100
Processing by RestaurantsController#edit as HTML
  Parameters: {"id"=>"1"}
  [1m[36mRestaurant Load (0.3ms)[0m  [1m[34mSELECT  "restaurants".* FROM "restaurants" WHERE "restaurants"."id" = $1 LIMIT $2[0m  [["id", 1], ["LIMIT", 1]]
  Rendering restaurants/edit.html.erb within layouts/application
  Rendered restaurants/edit.html.erb within layouts/application (4.9ms)
Completed 200 OK in 43ms (Views: 36.0ms | ActiveRecord: 0.3ms)


Started GET "/restaurants/" for 127.0.0.1 at 2017-09-23 22:31:25 +0100
Processing by RestaurantsController#index as HTML
  Rendering restaurants/index.html.erb within layouts/application
  [1m[36mRestaurant Exists (0.4ms)[0m  [1m[34mSELECT  1 AS one FROM "restaurants" LIMIT $1[0m  [["LIMIT", 1]]
  [1m[36mRestaurant Load (0.6ms)[0m  [1m[34mSELECT "restaurants".* FROM "restaurants"[0m
  Rendered restaurants/index.html.erb within layouts/application (23.1ms)
Completed 200 OK in 64ms (Views: 49.8ms | ActiveRecord: 6.4ms)


Started GET "/restaurants/" for 127.0.0.1 at 2017-09-23 22:31:52 +0100
Processing by RestaurantsController#index as HTML
  Rendering restaurants/index.html.erb within layouts/application
  [1m[36mRestaurant Exists (0.3ms)[0m  [1m[34mSELECT  1 AS one FROM "restaurants" LIMIT $1[0m  [["LIMIT", 1]]
  [1m[36mRestaurant Load (0.4ms)[0m  [1m[34mSELECT "restaurants".* FROM "restaurants"[0m
  Rendered restaurants/index.html.erb within layouts/application (5.0ms)
Completed 200 OK in 47ms (Views: 43.1ms | ActiveRecord: 0.7ms)


Started GET "/restaurants/" for 127.0.0.1 at 2017-09-23 22:32:30 +0100
Processing by RestaurantsController#index as HTML
  Rendering restaurants/index.html.erb within layouts/application
  [1m[36mRestaurant Exists (0.3ms)[0m  [1m[34mSELECT  1 AS one FROM "restaurants" LIMIT $1[0m  [["LIMIT", 1]]
  [1m[36mRestaurant Load (0.3ms)[0m  [1m[34mSELECT "restaurants".* FROM "restaurants"[0m
  Rendered restaurants/index.html.erb within layouts/application (337.4ms)
Completed 500 Internal Server Error in 345ms (ActiveRecord: 0.6ms)


  
ActionView::Template::Error (undefined local variable or method `description' for #<#<Class:0x007f8a66c3d618>:0x007f8a66206140>):
     7:   <body>
     8:     <% if @restaurants.any? %>
     9:     <% @restaurants.each do |restaurant| %>
    10:       <%= link_to restaurant.name, restaurant_path(restaurant, description) %>
    11:       <%= link_to "Edit #{restaurant.name}", edit_restaurant_path(restaurant) %>
    12:       <p></p>
    13:     <% end %>
  
app/views/restaurants/index.html.erb:10:in `block in _app_views_restaurants_index_html_erb___3410666153106297692_70116197809360'
app/views/restaurants/index.html.erb:9:in `_app_views_restaurants_index_html_erb___3410666153106297692_70116197809360'
Started GET "/restaurants/" for 127.0.0.1 at 2017-09-23 22:32:40 +0100
Processing by RestaurantsController#index as HTML
  Rendering restaurants/index.html.erb within layouts/application
  [1m[36mRestaurant Exists (0.3ms)[0m  [1m[34mSELECT  1 AS one FROM "restaurants" LIMIT $1[0m  [["LIMIT", 1]]
  [1m[36mRestaurant Load (0.3ms)[0m  [1m[34mSELECT "restaurants".* FROM "restaurants"[0m
  Rendered restaurants/index.html.erb within layouts/application (274.8ms)
Completed 500 Internal Server Error in 283ms (ActiveRecord: 0.7ms)


  
ActionView::Template::Error (undefined local variable or method `description' for #<#<Class:0x007f8a66c3d618>:0x007f8a65fb79c0>):
     7:   <body>
     8:     <% if @restaurants.any? %>
     9:     <% @restaurants.each do |restaurant| %>
    10:       <%= link_to restaurant.name, restaurant_path(restaurant, description) %>
    11:       <%= link_to "Edit #{restaurant.name}", edit_restaurant_path(restaurant) %>
    12:       <p></p>
    13:     <% end %>
  
app/views/restaurants/index.html.erb:10:in `block in _app_views_restaurants_index_html_erb___3410666153106297692_70116196606460'
app/views/restaurants/index.html.erb:9:in `_app_views_restaurants_index_html_erb___3410666153106297692_70116196606460'
Started GET "/restaurants/" for 127.0.0.1 at 2017-09-23 22:33:46 +0100
Processing by RestaurantsController#index as HTML
  Rendering restaurants/index.html.erb within layouts/application
  [1m[36mRestaurant Exists (0.3ms)[0m  [1m[34mSELECT  1 AS one FROM "restaurants" LIMIT $1[0m  [["LIMIT", 1]]
  [1m[36mRestaurant Load (0.4ms)[0m  [1m[34mSELECT "restaurants".* FROM "restaurants"[0m
  Rendered restaurants/index.html.erb within layouts/application (310.7ms)
Completed 500 Internal Server Error in 318ms (ActiveRecord: 0.7ms)


  
ActionView::Template::Error (undefined local variable or method `description' for #<#<Class:0x007f8a66c3d618>:0x007f8a662bc008>):
     8:     <% if @restaurants.any? %>
     9:     <% @restaurants.each do |restaurant| %>
    10:       <%= link_to restaurant.name, restaurant_path(restaurant) %>
    11:       <%= link_to "Edit #{restaurant.name}", edit_restaurant_path(restaurant, description) %>
    12:       <p></p>
    13:     <% end %>
    14:   <% else %>
  
app/views/restaurants/index.html.erb:11:in `block in _app_views_restaurants_index_html_erb___3410666153106297692_70116198180080'
app/views/restaurants/index.html.erb:9:in `_app_views_restaurants_index_html_erb___3410666153106297692_70116198180080'
Started GET "/restaurants/" for 127.0.0.1 at 2017-09-23 22:33:51 +0100
Processing by RestaurantsController#index as HTML
  Rendering restaurants/index.html.erb within layouts/application
  [1m[36mRestaurant Exists (0.4ms)[0m  [1m[34mSELECT  1 AS one FROM "restaurants" LIMIT $1[0m  [["LIMIT", 1]]
  [1m[36mRestaurant Load (0.5ms)[0m  [1m[34mSELECT "restaurants".* FROM "restaurants"[0m
  Rendered restaurants/index.html.erb within layouts/application (5.3ms)
Completed 200 OK in 31ms (Views: 28.1ms | ActiveRecord: 1.0ms)


Started GET "/restaurants/1" for 127.0.0.1 at 2017-09-23 22:33:55 +0100
Processing by RestaurantsController#show as HTML
  Parameters: {"id"=>"1"}
  [1m[36mRestaurant Load (0.3ms)[0m  [1m[34mSELECT  "restaurants".* FROM "restaurants" WHERE "restaurants"."id" = $1 LIMIT $2[0m  [["id", 1], ["LIMIT", 1]]
  Rendering restaurants/show.html.erb within layouts/application
  Rendered restaurants/show.html.erb within layouts/application (0.6ms)
Completed 200 OK in 44ms (Views: 38.2ms | ActiveRecord: 0.3ms)


Started GET "/restaurants/1" for 127.0.0.1 at 2017-09-23 22:33:55 +0100
Processing by RestaurantsController#show as HTML
  Parameters: {"id"=>"1"}
  [1m[36mRestaurant Load (0.3ms)[0m  [1m[34mSELECT  "restaurants".* FROM "restaurants" WHERE "restaurants"."id" = $1 LIMIT $2[0m  [["id", 1], ["LIMIT", 1]]
  Rendering restaurants/show.html.erb within layouts/application
  Rendered restaurants/show.html.erb within layouts/application (1.0ms)
Completed 200 OK in 44ms (Views: 37.6ms | ActiveRecord: 0.3ms)


Started GET "/restaurants/1/edit" for 127.0.0.1 at 2017-09-23 22:33:57 +0100
Processing by RestaurantsController#edit as HTML
  Parameters: {"id"=>"1"}
  [1m[36mRestaurant Load (0.2ms)[0m  [1m[34mSELECT  "restaurants".* FROM "restaurants" WHERE "restaurants"."id" = $1 LIMIT $2[0m  [["id", 1], ["LIMIT", 1]]
  Rendering restaurants/edit.html.erb within layouts/application
  Rendered restaurants/edit.html.erb within layouts/application (4.4ms)
Completed 200 OK in 52ms (Views: 45.7ms | ActiveRecord: 0.2ms)


Started PATCH "/restaurants/1" for 127.0.0.1 at 2017-09-23 22:34:18 +0100
Processing by RestaurantsController#update as HTML
  Parameters: {"utf8"=>"✓", "authenticity_token"=>"3jlz9RJVJNyREn1o4te1Y/ynqdfRCbDu6KSZFog9Yq83v5+virSzRsgfDngaCb9ZRgGekfB0MErrFJYF/c9JYg==", "restaurant"=>{"name"=>"KFC", "description"=>"Kentucky Fried Chicken\r\n"}, "commit"=>"Update Restaurant", "id"=>"1"}
  [1m[36mRestaurant Load (0.2ms)[0m  [1m[34mSELECT  "restaurants".* FROM "restaurants" WHERE "restaurants"."id" = $1 LIMIT $2[0m  [["id", 1], ["LIMIT", 1]]
Unpermitted parameter: :description
Unpermitted parameter: :name
  [1m[35m (0.2ms)[0m  [1m[35mBEGIN[0m
  [1m[35mSQL (6.9ms)[0m  [1m[33mUPDATE "restaurants" SET "description" = $1, "updated_at" = $2 WHERE "restaurants"."id" = $3[0m  [["description", "Kentucky Fried Chicken\r\n"], ["updated_at", "2017-09-23 21:34:18.920688"], ["id", 1]]
  [1m[35m (6.3ms)[0m  [1m[35mCOMMIT[0m
Redirected to http://localhost:3000/restaurants
Completed 302 Found in 20ms (ActiveRecord: 13.6ms)


Started GET "/restaurants" for 127.0.0.1 at 2017-09-23 22:34:18 +0100
Processing by RestaurantsController#index as HTML
  Rendering restaurants/index.html.erb within layouts/application
  [1m[36mRestaurant Exists (0.3ms)[0m  [1m[34mSELECT  1 AS one FROM "restaurants" LIMIT $1[0m  [["LIMIT", 1]]
  [1m[36mRestaurant Load (0.3ms)[0m  [1m[34mSELECT "restaurants".* FROM "restaurants"[0m
  Rendered restaurants/index.html.erb within layouts/application (3.3ms)
Completed 200 OK in 27ms (Views: 24.2ms | ActiveRecord: 0.6ms)


Started GET "/restaurants/1" for 127.0.0.1 at 2017-09-23 22:34:22 +0100
Processing by RestaurantsController#show as HTML
  Parameters: {"id"=>"1"}
  [1m[36mRestaurant Load (0.2ms)[0m  [1m[34mSELECT  "restaurants".* FROM "restaurants" WHERE "restaurants"."id" = $1 LIMIT $2[0m  [["id", 1], ["LIMIT", 1]]
  Rendering restaurants/show.html.erb within layouts/application
  Rendered restaurants/show.html.erb within layouts/application (1.1ms)
Completed 200 OK in 42ms (Views: 34.3ms | ActiveRecord: 0.2ms)


  [1m[35m (0.3ms)[0m  [1m[34mSELECT pg_try_advisory_lock(8692138485699695145)[0m
  [1m[35m (6.9ms)[0m  [1m[34mSELECT "schema_migrations"."version" FROM "schema_migrations" ORDER BY "schema_migrations"."version" ASC[0m
  [1m[36mActiveRecord::InternalMetadata Load (0.5ms)[0m  [1m[34mSELECT  "ar_internal_metadata".* FROM "ar_internal_metadata" WHERE "ar_internal_metadata"."key" = $1 LIMIT $2[0m  [["key", "environment"], ["LIMIT", 1]]
  [1m[35m (0.2ms)[0m  [1m[35mBEGIN[0m
  [1m[35m (0.2ms)[0m  [1m[35mCOMMIT[0m
  [1m[35m (0.3ms)[0m  [1m[34mSELECT pg_advisory_unlock(8692138485699695145)[0m
  [1m[35m (0.3ms)[0m  [1m[34mSELECT "schema_migrations"."version" FROM "schema_migrations" ORDER BY "schema_migrations"."version" ASC[0m
  [1m[35m (0.7ms)[0m  [1m[34mSELECT "schema_migrations"."version" FROM "schema_migrations" ORDER BY "schema_migrations"."version" ASC[0m
  [1m[35m (0.4ms)[0m  [1m[34mSELECT "ar_internal_metadata"."value" FROM "ar_internal_metadata" WHERE "ar_internal_metadata"."key" = $1[0m  [["key", "environment"]]
  [1m[35m (0.3ms)[0m  [1m[34mSELECT "schema_migrations"."version" FROM "schema_migrations" ORDER BY "schema_migrations"."version" ASC[0m
  [1m[35m (0.2ms)[0m  [1m[34mSELECT "ar_internal_metadata"."value" FROM "ar_internal_metadata" WHERE "ar_internal_metadata"."key" = $1[0m  [["key", "environment"]]
  [1m[35m (0.2ms)[0m  [1m[34mSELECT "schema_migrations"."version" FROM "schema_migrations" ORDER BY "schema_migrations"."version" ASC[0m
  [1m[35m (0.2ms)[0m  [1m[34mSELECT "ar_internal_metadata"."value" FROM "ar_internal_metadata" WHERE "ar_internal_metadata"."key" = $1[0m  [["key", "environment"]]
  [1m[35m (8092.0ms)[0m  [1m[35mDROP DATABASE IF EXISTS "yelp_clone_development"[0m
  [1m[35m (1.2ms)[0m  [1m[34mSELECT "schema_migrations"."version" FROM "schema_migrations" ORDER BY "schema_migrations"."version" ASC[0m
  [1m[35m (0.4ms)[0m  [1m[34mSELECT "ar_internal_metadata"."value" FROM "ar_internal_metadata" WHERE "ar_internal_metadata"."key" = $1[0m  [["key", "environment"]]
  [1m[35m (0.3ms)[0m  [1m[34mSELECT "schema_migrations"."version" FROM "schema_migrations" ORDER BY "schema_migrations"."version" ASC[0m
  [1m[35m (0.2ms)[0m  [1m[34mSELECT "ar_internal_metadata"."value" FROM "ar_internal_metadata" WHERE "ar_internal_metadata"."key" = $1[0m  [["key", "environment"]]
  [1m[35m (0.2ms)[0m  [1m[34mSELECT "schema_migrations"."version" FROM "schema_migrations" ORDER BY "schema_migrations"."version" ASC[0m
  [1m[35m (0.3ms)[0m  [1m[34mSELECT "ar_internal_metadata"."value" FROM "ar_internal_metadata" WHERE "ar_internal_metadata"."key" = $1[0m  [["key", "environment"]]
  [1m[35m (196.8ms)[0m  [1m[35mDROP DATABASE IF EXISTS "yelp_clone_development"[0m
  [1m[35m (202.8ms)[0m  [1m[35mDROP DATABASE IF EXISTS "yelp_clone_test"[0m
  [1m[35m (599.3ms)[0m  [1m[35mCREATE DATABASE "yelp_clone_development" ENCODING = 'unicode'[0m
  [1m[35m (515.6ms)[0m  [1m[35mCREATE DATABASE "yelp_clone_test" ENCODING = 'unicode'[0m
  [1m[35mSQL (0.4ms)[0m  [1m[35mCREATE EXTENSION IF NOT EXISTS "plpgsql"[0m
  [1m[35m (0.2ms)[0m  [1m[35mDROP TABLE IF EXISTS "restaurants" CASCADE[0m
  [1m[35m (8.6ms)[0m  [1m[35mCREATE TABLE "restaurants" ("id" bigserial primary key, "name" character varying, "rating" integer, "created_at" timestamp NOT NULL, "updated_at" timestamp NOT NULL, "description" text)[0m
  [1m[35m (3.8ms)[0m  [1m[35mCREATE TABLE "schema_migrations" ("version" character varying NOT NULL PRIMARY KEY)[0m
  [1m[35m (0.7ms)[0m  [1m[34mSELECT "schema_migrations"."version" FROM "schema_migrations" ORDER BY "schema_migrations"."version" ASC[0m
  [1m[35m (0.9ms)[0m  [1m[32mINSERT INTO "schema_migrations" (version) VALUES (20170923210400)[0m
  [1m[35m (0.6ms)[0m  [1m[32mINSERT INTO "schema_migrations" (version) VALUES
(20170923150640);

[0m
  [1m[35m (10.9ms)[0m  [1m[35mCREATE TABLE "ar_internal_metadata" ("key" character varying NOT NULL PRIMARY KEY, "value" character varying, "created_at" timestamp NOT NULL, "updated_at" timestamp NOT NULL)[0m
  [1m[36mActiveRecord::InternalMetadata Load (0.5ms)[0m  [1m[34mSELECT  "ar_internal_metadata".* FROM "ar_internal_metadata" WHERE "ar_internal_metadata"."key" = $1 LIMIT $2[0m  [["key", "environment"], ["LIMIT", 1]]
  [1m[35m (0.2ms)[0m  [1m[35mBEGIN[0m
  [1m[35mSQL (0.9ms)[0m  [1m[32mINSERT INTO "ar_internal_metadata" ("key", "value", "created_at", "updated_at") VALUES ($1, $2, $3, $4) RETURNING "key"[0m  [["key", "environment"], ["value", "development"], ["created_at", "2017-09-23 21:36:37.863894"], ["updated_at", "2017-09-23 21:36:37.863894"]]
  [1m[35m (0.5ms)[0m  [1m[35mCOMMIT[0m
  [1m[36mActiveRecord::InternalMetadata Load (0.3ms)[0m  [1m[34mSELECT  "ar_internal_metadata".* FROM "ar_internal_metadata" WHERE "ar_internal_metadata"."key" = $1 LIMIT $2[0m  [["key", "environment"], ["LIMIT", 1]]
  [1m[35m (0.2ms)[0m  [1m[35mBEGIN[0m
  [1m[35m (0.1ms)[0m  [1m[35mCOMMIT[0m
  [1m[35mSQL (0.4ms)[0m  [1m[35mCREATE EXTENSION IF NOT EXISTS "plpgsql"[0m
  [1m[35m (0.2ms)[0m  [1m[35mDROP TABLE IF EXISTS "restaurants" CASCADE[0m
  [1m[35m (12.0ms)[0m  [1m[35mCREATE TABLE "restaurants" ("id" bigserial primary key, "name" character varying, "rating" integer, "created_at" timestamp NOT NULL, "updated_at" timestamp NOT NULL, "description" text)[0m
  [1m[35m (3.8ms)[0m  [1m[35mCREATE TABLE "schema_migrations" ("version" character varying NOT NULL PRIMARY KEY)[0m
  [1m[35m (0.7ms)[0m  [1m[34mSELECT "schema_migrations"."version" FROM "schema_migrations" ORDER BY "schema_migrations"."version" ASC[0m
  [1m[35m (0.8ms)[0m  [1m[32mINSERT INTO "schema_migrations" (version) VALUES (20170923210400)[0m
  [1m[35m (0.6ms)[0m  [1m[32mINSERT INTO "schema_migrations" (version) VALUES
(20170923150640);

[0m
  [1m[35m (3.8ms)[0m  [1m[35mCREATE TABLE "ar_internal_metadata" ("key" character varying NOT NULL PRIMARY KEY, "value" character varying, "created_at" timestamp NOT NULL, "updated_at" timestamp NOT NULL)[0m
  [1m[36mActiveRecord::InternalMetadata Load (0.5ms)[0m  [1m[34mSELECT  "ar_internal_metadata".* FROM "ar_internal_metadata" WHERE "ar_internal_metadata"."key" = $1 LIMIT $2[0m  [["key", "environment"], ["LIMIT", 1]]
  [1m[35m (0.2ms)[0m  [1m[35mBEGIN[0m
  [1m[35mSQL (2.2ms)[0m  [1m[32mINSERT INTO "ar_internal_metadata" ("key", "value", "created_at", "updated_at") VALUES ($1, $2, $3, $4) RETURNING "key"[0m  [["key", "environment"], ["value", "development"], ["created_at", "2017-09-23 21:36:37.949569"], ["updated_at", "2017-09-23 21:36:37.949569"]]
  [1m[35m (0.4ms)[0m  [1m[35mCOMMIT[0m
  [1m[36mActiveRecord::InternalMetadata Load (0.3ms)[0m  [1m[34mSELECT  "ar_internal_metadata".* FROM "ar_internal_metadata" WHERE "ar_internal_metadata"."key" = $1 LIMIT $2[0m  [["key", "environment"], ["LIMIT", 1]]
  [1m[35m (0.2ms)[0m  [1m[35mBEGIN[0m
  [1m[35m (0.3ms)[0m  [1m[35mCOMMIT[0m
  [1m[35m (1.5ms)[0m  [1m[34mSELECT "schema_migrations"."version" FROM "schema_migrations" ORDER BY "schema_migrations"."version" ASC[0m
  [1m[35m (0.3ms)[0m  [1m[34mSELECT pg_try_advisory_lock(8692138485699695145)[0m
  [1m[35m (0.2ms)[0m  [1m[34mSELECT "schema_migrations"."version" FROM "schema_migrations" ORDER BY "schema_migrations"."version" ASC[0m
  [1m[36mActiveRecord::InternalMetadata Load (0.4ms)[0m  [1m[34mSELECT  "ar_internal_metadata".* FROM "ar_internal_metadata" WHERE "ar_internal_metadata"."key" = $1 LIMIT $2[0m  [["key", "environment"], ["LIMIT", 1]]
  [1m[35m (0.1ms)[0m  [1m[35mBEGIN[0m
  [1m[35m (0.1ms)[0m  [1m[35mCOMMIT[0m
  [1m[35m (0.3ms)[0m  [1m[34mSELECT pg_advisory_unlock(8692138485699695145)[0m
  [1m[35m (0.3ms)[0m  [1m[34mSELECT "schema_migrations"."version" FROM "schema_migrations" ORDER BY "schema_migrations"."version" ASC[0m
Started GET "/restaurants/" for 127.0.0.1 at 2017-09-23 22:37:02 +0100
  [1m[35m (0.7ms)[0m  [1m[34mSELECT "schema_migrations"."version" FROM "schema_migrations" ORDER BY "schema_migrations"."version" ASC[0m
Processing by RestaurantsController#index as HTML
  Rendering restaurants/index.html.erb within layouts/application
  [1m[36mRestaurant Exists (0.7ms)[0m  [1m[34mSELECT  1 AS one FROM "restaurants" LIMIT $1[0m  [["LIMIT", 1]]
  Rendered restaurants/index.html.erb within layouts/application (6.6ms)
Completed 200 OK in 308ms (Views: 281.6ms | ActiveRecord: 2.4ms)


Started GET "/restaurants/new" for 127.0.0.1 at 2017-09-23 22:37:07 +0100
Processing by RestaurantsController#new as HTML
  Rendering restaurants/new.html.erb within layouts/application
  Rendered restaurants/new.html.erb within layouts/application (16.1ms)
Completed 200 OK in 97ms (Views: 36.0ms | ActiveRecord: 16.5ms)


Started POST "/restaurants" for 127.0.0.1 at 2017-09-23 22:37:10 +0100
Processing by RestaurantsController#create as HTML
  Parameters: {"utf8"=>"✓", "authenticity_token"=>"luRtVnrqk2i1NWc4WsICHnNIIC6kEWSh7sogEqPxWVeVQ0Kj8z07Bgr6ZGYKkX7ZcrmPNlAzlYrgAypAtoahPQ==", "restaurant"=>{"name"=>"KFC"}, "commit"=>"Create Restaurant"}
Unpermitted parameter: :name
  [1m[35m (0.2ms)[0m  [1m[35mBEGIN[0m
  [1m[35mSQL (1.3ms)[0m  [1m[32mINSERT INTO "restaurants" ("created_at", "updated_at") VALUES ($1, $2) RETURNING "id"[0m  [["created_at", "2017-09-23 21:37:10.562355"], ["updated_at", "2017-09-23 21:37:10.562355"]]
  [1m[35m (6.5ms)[0m  [1m[35mCOMMIT[0m
Redirected to http://localhost:3000/restaurants
Completed 302 Found in 14ms (ActiveRecord: 8.0ms)


Started GET "/restaurants" for 127.0.0.1 at 2017-09-23 22:37:10 +0100
Processing by RestaurantsController#index as HTML
  Rendering restaurants/index.html.erb within layouts/application
  [1m[36mRestaurant Exists (0.4ms)[0m  [1m[34mSELECT  1 AS one FROM "restaurants" LIMIT $1[0m  [["LIMIT", 1]]
  [1m[36mRestaurant Load (0.3ms)[0m  [1m[34mSELECT "restaurants".* FROM "restaurants"[0m
  Rendered restaurants/index.html.erb within layouts/application (4.9ms)
Completed 200 OK in 32ms (Views: 28.0ms | ActiveRecord: 0.7ms)


Started GET "/restaurants/1/edit" for 127.0.0.1 at 2017-09-23 22:37:12 +0100
Processing by RestaurantsController#edit as HTML
  Parameters: {"id"=>"1"}
  [1m[36mRestaurant Load (0.3ms)[0m  [1m[34mSELECT  "restaurants".* FROM "restaurants" WHERE "restaurants"."id" = $1 LIMIT $2[0m  [["id", 1], ["LIMIT", 1]]
  Rendering restaurants/edit.html.erb within layouts/application
  Rendered restaurants/edit.html.erb within layouts/application (3.6ms)
Completed 200 OK in 49ms (Views: 38.5ms | ActiveRecord: 0.6ms)


Started PATCH "/restaurants/1" for 127.0.0.1 at 2017-09-23 22:37:28 +0100
Processing by RestaurantsController#update as HTML
  Parameters: {"utf8"=>"✓", "authenticity_token"=>"tfLD5lULgeeizSngyKukLIdd/C1cHcvuAYsQlOLCe3tcdC+8zeoWffvAWvAwda4WPfvLa31gS0oCOx+HlzBQtg==", "restaurant"=>{"name"=>"KFC", "description"=>"Kentucky Fried Chicken\r\n"}, "commit"=>"Update Restaurant", "id"=>"1"}
  [1m[36mRestaurant Load (0.9ms)[0m  [1m[34mSELECT  "restaurants".* FROM "restaurants" WHERE "restaurants"."id" = $1 LIMIT $2[0m  [["id", 1], ["LIMIT", 1]]
Unpermitted parameter: :description
Unpermitted parameter: :name
  [1m[35m (0.4ms)[0m  [1m[35mBEGIN[0m
  [1m[35mSQL (0.6ms)[0m  [1m[33mUPDATE "restaurants" SET "description" = $1, "updated_at" = $2 WHERE "restaurants"."id" = $3[0m  [["description", "Kentucky Fried Chicken\r\n"], ["updated_at", "2017-09-23 21:37:28.344917"], ["id", 1]]
  [1m[35m (1.8ms)[0m  [1m[35mCOMMIT[0m
Redirected to http://localhost:3000/restaurants
Completed 302 Found in 10ms (ActiveRecord: 3.6ms)


Started GET "/restaurants" for 127.0.0.1 at 2017-09-23 22:37:28 +0100
Processing by RestaurantsController#index as HTML
  Rendering restaurants/index.html.erb within layouts/application
  [1m[36mRestaurant Exists (0.3ms)[0m  [1m[34mSELECT  1 AS one FROM "restaurants" LIMIT $1[0m  [["LIMIT", 1]]
  [1m[36mRestaurant Load (0.3ms)[0m  [1m[34mSELECT "restaurants".* FROM "restaurants"[0m
  Rendered restaurants/index.html.erb within layouts/application (3.1ms)
Completed 200 OK in 28ms (Views: 24.1ms | ActiveRecord: 0.6ms)


Started GET "/restaurants" for 127.0.0.1 at 2017-09-23 22:37:32 +0100
Processing by RestaurantsController#index as HTML
  Rendering restaurants/index.html.erb within layouts/application
  [1m[36mRestaurant Exists (0.3ms)[0m  [1m[34mSELECT  1 AS one FROM "restaurants" LIMIT $1[0m  [["LIMIT", 1]]
  [1m[36mRestaurant Load (0.4ms)[0m  [1m[34mSELECT "restaurants".* FROM "restaurants"[0m
  Rendered restaurants/index.html.erb within layouts/application (3.6ms)
Completed 200 OK in 29ms (Views: 25.9ms | ActiveRecord: 0.7ms)


Started GET "/restaurants/1" for 127.0.0.1 at 2017-09-23 22:37:57 +0100
Processing by RestaurantsController#show as HTML
  Parameters: {"id"=>"1"}
  [1m[36mRestaurant Load (0.9ms)[0m  [1m[34mSELECT  "restaurants".* FROM "restaurants" WHERE "restaurants"."id" = $1 LIMIT $2[0m  [["id", 1], ["LIMIT", 1]]
  Rendering restaurants/show.html.erb within layouts/application
  Rendered restaurants/show.html.erb within layouts/application (0.8ms)
Completed 200 OK in 52ms (Views: 44.8ms | ActiveRecord: 0.9ms)


  [1m[35m (0.3ms)[0m  [1m[34mSELECT pg_try_advisory_lock(8692138485699695145)[0m
  [1m[35m (0.7ms)[0m  [1m[34mSELECT "schema_migrations"."version" FROM "schema_migrations" ORDER BY "schema_migrations"."version" ASC[0m
  [1m[36mActiveRecord::InternalMetadata Load (0.8ms)[0m  [1m[34mSELECT  "ar_internal_metadata".* FROM "ar_internal_metadata" WHERE "ar_internal_metadata"."key" = $1 LIMIT $2[0m  [["key", "environment"], ["LIMIT", 1]]
  [1m[35m (0.3ms)[0m  [1m[35mBEGIN[0m
  [1m[35m (0.2ms)[0m  [1m[35mCOMMIT[0m
  [1m[35m (0.3ms)[0m  [1m[34mSELECT pg_advisory_unlock(8692138485699695145)[0m
  [1m[35m (0.3ms)[0m  [1m[34mSELECT "schema_migrations"."version" FROM "schema_migrations" ORDER BY "schema_migrations"."version" ASC[0m
Started GET "/restaurants" for 127.0.0.1 at 2017-09-23 22:39:39 +0100
Processing by RestaurantsController#index as HTML
  Rendering restaurants/index.html.erb within layouts/application
  [1m[36mRestaurant Exists (0.5ms)[0m  [1m[34mSELECT  1 AS one FROM "restaurants" LIMIT $1[0m  [["LIMIT", 1]]
  [1m[36mRestaurant Load (0.5ms)[0m  [1m[34mSELECT "restaurants".* FROM "restaurants"[0m
  Rendered restaurants/index.html.erb within layouts/application (15.2ms)
Completed 200 OK in 48ms (Views: 36.6ms | ActiveRecord: 4.4ms)


Started GET "/restaurants/1" for 127.0.0.1 at 2017-09-23 22:39:41 +0100
Processing by RestaurantsController#show as HTML
  Parameters: {"id"=>"1"}
  [1m[36mRestaurant Load (0.4ms)[0m  [1m[34mSELECT  "restaurants".* FROM "restaurants" WHERE "restaurants"."id" = $1 LIMIT $2[0m  [["id", 1], ["LIMIT", 1]]
  Rendering restaurants/show.html.erb within layouts/application
  Rendered restaurants/show.html.erb within layouts/application (1.3ms)
Completed 200 OK in 40ms (Views: 32.4ms | ActiveRecord: 0.4ms)


Started GET "/restaurants/1/edit" for 127.0.0.1 at 2017-09-23 22:39:45 +0100
Processing by RestaurantsController#edit as HTML
  Parameters: {"id"=>"1"}
  [1m[36mRestaurant Load (0.5ms)[0m  [1m[34mSELECT  "restaurants".* FROM "restaurants" WHERE "restaurants"."id" = $1 LIMIT $2[0m  [["id", 1], ["LIMIT", 1]]
  Rendering restaurants/edit.html.erb within layouts/application
  Rendered restaurants/edit.html.erb within layouts/application (5.4ms)
Completed 200 OK in 48ms (Views: 40.9ms | ActiveRecord: 0.7ms)


Started PATCH "/restaurants/1" for 127.0.0.1 at 2017-09-23 22:39:49 +0100
Processing by RestaurantsController#update as HTML
  Parameters: {"utf8"=>"✓", "authenticity_token"=>"5+u2Q1C/Z8vNrpl2iyOwgFvBQY0OrsOraaR1gWLDcMIObVoZyF7wUZSj6mZz/bq64Wd2yy/TQw9qFHqSFzFbDw==", "restaurant"=>{"name"=>"KFC", "description"=>"Kentucky Fried Chicken\r\n"}, "commit"=>"Update Restaurant", "id"=>"1"}
  [1m[36mRestaurant Load (0.3ms)[0m  [1m[34mSELECT  "restaurants".* FROM "restaurants" WHERE "restaurants"."id" = $1 LIMIT $2[0m  [["id", 1], ["LIMIT", 1]]
Unpermitted parameter: :description
Unpermitted parameter: :name
  [1m[35m (0.2ms)[0m  [1m[35mBEGIN[0m
  [1m[35m (0.1ms)[0m  [1m[35mCOMMIT[0m
Redirected to http://localhost:3000/restaurants
Completed 302 Found in 4ms (ActiveRecord: 0.6ms)


Started GET "/restaurants" for 127.0.0.1 at 2017-09-23 22:39:49 +0100
Processing by RestaurantsController#index as HTML
  Rendering restaurants/index.html.erb within layouts/application
  [1m[36mRestaurant Exists (0.3ms)[0m  [1m[34mSELECT  1 AS one FROM "restaurants" LIMIT $1[0m  [["LIMIT", 1]]
  [1m[36mRestaurant Load (0.4ms)[0m  [1m[34mSELECT "restaurants".* FROM "restaurants"[0m
  Rendered restaurants/index.html.erb within layouts/application (3.6ms)
Completed 200 OK in 27ms (Views: 24.3ms | ActiveRecord: 0.7ms)


Started GET "/restaurants/1" for 127.0.0.1 at 2017-09-23 22:39:51 +0100
Processing by RestaurantsController#show as HTML
  Parameters: {"id"=>"1"}
  [1m[36mRestaurant Load (0.3ms)[0m  [1m[34mSELECT  "restaurants".* FROM "restaurants" WHERE "restaurants"."id" = $1 LIMIT $2[0m  [["id", 1], ["LIMIT", 1]]
  Rendering restaurants/show.html.erb within layouts/application
  Rendered restaurants/show.html.erb within layouts/application (0.9ms)
Completed 200 OK in 47ms (Views: 32.9ms | ActiveRecord: 0.3ms)


Started GET "/restaurants/1/edit" for 127.0.0.1 at 2017-09-23 22:39:54 +0100
Processing by RestaurantsController#edit as HTML
  Parameters: {"id"=>"1"}
  [1m[36mRestaurant Load (0.3ms)[0m  [1m[34mSELECT  "restaurants".* FROM "restaurants" WHERE "restaurants"."id" = $1 LIMIT $2[0m  [["id", 1], ["LIMIT", 1]]
  Rendering restaurants/edit.html.erb within layouts/application
  Rendered restaurants/edit.html.erb within layouts/application (4.9ms)
Completed 200 OK in 46ms (Views: 38.8ms | ActiveRecord: 0.3ms)


Started GET "/restaurants" for 127.0.0.1 at 2017-09-23 22:41:21 +0100
Processing by RestaurantsController#index as HTML
  Rendering restaurants/index.html.erb within layouts/application
  [1m[36mRestaurant Exists (0.3ms)[0m  [1m[34mSELECT  1 AS one FROM "restaurants" LIMIT $1[0m  [["LIMIT", 1]]
  [1m[36mRestaurant Load (0.3ms)[0m  [1m[34mSELECT "restaurants".* FROM "restaurants"[0m
  Rendered restaurants/index.html.erb within layouts/application (3.1ms)
Completed 200 OK in 28ms (Views: 25.3ms | ActiveRecord: 0.6ms)


Started GET "/restaurants/1" for 127.0.0.1 at 2017-09-23 22:41:25 +0100
Processing by RestaurantsController#show as HTML
  Parameters: {"id"=>"1"}
  [1m[36mRestaurant Load (0.3ms)[0m  [1m[34mSELECT  "restaurants".* FROM "restaurants" WHERE "restaurants"."id" = $1 LIMIT $2[0m  [["id", 1], ["LIMIT", 1]]
  Rendering restaurants/show.html.erb within layouts/application
  Rendered restaurants/show.html.erb within layouts/application (0.8ms)
Completed 200 OK in 44ms (Views: 36.1ms | ActiveRecord: 0.3ms)


Started GET "/restaurants" for 127.0.0.1 at 2017-09-23 22:41:38 +0100
  [1m[35m (0.7ms)[0m  [1m[34mSELECT "schema_migrations"."version" FROM "schema_migrations" ORDER BY "schema_migrations"."version" ASC[0m
Processing by RestaurantsController#index as HTML
  Rendering restaurants/index.html.erb within layouts/application
  [1m[36mRestaurant Exists (0.4ms)[0m  [1m[34mSELECT  1 AS one FROM "restaurants" LIMIT $1[0m  [["LIMIT", 1]]
  [1m[36mRestaurant Load (0.3ms)[0m  [1m[34mSELECT "restaurants".* FROM "restaurants"[0m
  Rendered restaurants/index.html.erb within layouts/application (22.3ms)
Completed 200 OK in 335ms (Views: 307.8ms | ActiveRecord: 5.5ms)


Started GET "/restaurants" for 127.0.0.1 at 2017-09-23 22:44:55 +0100
Processing by RestaurantsController#index as HTML
  Rendering restaurants/index.html.erb within layouts/application
  [1m[36mRestaurant Exists (0.3ms)[0m  [1m[34mSELECT  1 AS one FROM "restaurants" LIMIT $1[0m  [["LIMIT", 1]]
  [1m[36mRestaurant Load (0.3ms)[0m  [1m[34mSELECT "restaurants".* FROM "restaurants"[0m
  Rendered restaurants/index.html.erb within layouts/application (10.6ms)
Completed 200 OK in 43ms (Views: 37.1ms | ActiveRecord: 0.6ms)


Started GET "/restaurants" for 127.0.0.1 at 2017-09-23 22:51:08 +0100
Processing by RestaurantsController#index as HTML
  Rendering restaurants/index.html.erb within layouts/application
  [1m[36mRestaurant Exists (0.7ms)[0m  [1m[34mSELECT  1 AS one FROM "restaurants" LIMIT $1[0m  [["LIMIT", 1]]
  [1m[36mRestaurant Load (0.5ms)[0m  [1m[34mSELECT "restaurants".* FROM "restaurants"[0m
  Rendered restaurants/index.html.erb within layouts/application (4.4ms)
Completed 200 OK in 38ms (Views: 33.9ms | ActiveRecord: 1.1ms)


Started GET "/restaurants/new" for 127.0.0.1 at 2017-09-23 22:51:11 +0100
Processing by RestaurantsController#new as HTML
  Rendering restaurants/new.html.erb within layouts/application
  Rendered restaurants/new.html.erb within layouts/application (35.8ms)
Completed 200 OK in 66ms (Views: 63.0ms | ActiveRecord: 0.0ms)


Started POST "/restaurants" for 127.0.0.1 at 2017-09-23 22:51:14 +0100
Processing by RestaurantsController#create as HTML
  Parameters: {"utf8"=>"✓", "authenticity_token"=>"ld4fcj1FDN0D7+KvkTo7XIVA5lALgo2fwSA90wi/fqCWeTCHtJKks7wg4fHBaUebhLFJSP+gfLTP6TeBHciGyg==", "restaurant"=>{"name"=>"KFC"}, "commit"=>"Create Restaurant"}
  [1m[35m (0.2ms)[0m  [1m[35mBEGIN[0m
  [1m[35mSQL (7.8ms)[0m  [1m[32mINSERT INTO "restaurants" ("name", "created_at", "updated_at") VALUES ($1, $2, $3) RETURNING "id"[0m  [["name", "KFC"], ["created_at", "2017-09-23 21:51:14.976562"], ["updated_at", "2017-09-23 21:51:14.976562"]]
  [1m[35m (6.4ms)[0m  [1m[35mCOMMIT[0m
Redirected to http://localhost:3000/restaurants
Completed 302 Found in 21ms (ActiveRecord: 14.4ms)


Started GET "/restaurants" for 127.0.0.1 at 2017-09-23 22:51:15 +0100
Processing by RestaurantsController#index as HTML
  Rendering restaurants/index.html.erb within layouts/application
  [1m[36mRestaurant Exists (0.3ms)[0m  [1m[34mSELECT  1 AS one FROM "restaurants" LIMIT $1[0m  [["LIMIT", 1]]
  [1m[36mRestaurant Load (0.5ms)[0m  [1m[34mSELECT "restaurants".* FROM "restaurants"[0m
  Rendered restaurants/index.html.erb within layouts/application (4.1ms)
Completed 200 OK in 37ms (Views: 34.0ms | ActiveRecord: 0.9ms)


Started GET "/restaurants/2/edit" for 127.0.0.1 at 2017-09-23 22:52:02 +0100
Processing by RestaurantsController#edit as HTML
  Parameters: {"id"=>"2"}
  [1m[36mRestaurant Load (0.5ms)[0m  [1m[34mSELECT  "restaurants".* FROM "restaurants" WHERE "restaurants"."id" = $1 LIMIT $2[0m  [["id", 2], ["LIMIT", 1]]
  Rendering restaurants/edit.html.erb within layouts/application
  Rendered restaurants/edit.html.erb within layouts/application (6.9ms)
Completed 200 OK in 52ms (Views: 40.8ms | ActiveRecord: 0.8ms)


Started PATCH "/restaurants/2" for 127.0.0.1 at 2017-09-23 22:52:09 +0100
Processing by RestaurantsController#update as HTML
  Parameters: {"utf8"=>"✓", "authenticity_token"=>"vXo9fHwwrMEjEV9HT2HyJDTbFhmCCHfEhPhatXgqtomQRPxAiypG+4pmq+qG2UYz1Izv3MnPPYHcOq83qF2ErA==", "restaurant"=>{"name"=>"KFC", "description"=>"Awesome Chicken\r\n"}, "commit"=>"Update Restaurant", "id"=>"2"}
  [1m[36mRestaurant Load (0.3ms)[0m  [1m[34mSELECT  "restaurants".* FROM "restaurants" WHERE "restaurants"."id" = $1 LIMIT $2[0m  [["id", 2], ["LIMIT", 1]]
  [1m[35m (0.1ms)[0m  [1m[35mBEGIN[0m
  [1m[35mSQL (1.0ms)[0m  [1m[33mUPDATE "restaurants" SET "description" = $1, "updated_at" = $2 WHERE "restaurants"."id" = $3[0m  [["description", "Awesome Chicken\r\n"], ["updated_at", "2017-09-23 21:52:09.505909"], ["id", 2]]
  [1m[35m (5.8ms)[0m  [1m[35mCOMMIT[0m
Redirected to http://localhost:3000/restaurants
Completed 302 Found in 14ms (ActiveRecord: 7.5ms)


Started GET "/restaurants" for 127.0.0.1 at 2017-09-23 22:52:09 +0100
Processing by RestaurantsController#index as HTML
  Rendering restaurants/index.html.erb within layouts/application
  [1m[36mRestaurant Exists (0.4ms)[0m  [1m[34mSELECT  1 AS one FROM "restaurants" LIMIT $1[0m  [["LIMIT", 1]]
  [1m[36mRestaurant Load (0.3ms)[0m  [1m[34mSELECT "restaurants".* FROM "restaurants"[0m
  Rendered restaurants/index.html.erb within layouts/application (3.9ms)
Completed 200 OK in 29ms (Views: 25.4ms | ActiveRecord: 0.7ms)


Started GET "/restaurants/2" for 127.0.0.1 at 2017-09-23 22:52:12 +0100
Processing by RestaurantsController#show as HTML
  Parameters: {"id"=>"2"}
  [1m[36mRestaurant Load (4.1ms)[0m  [1m[34mSELECT  "restaurants".* FROM "restaurants" WHERE "restaurants"."id" = $1 LIMIT $2[0m  [["id", 2], ["LIMIT", 1]]
  Rendering restaurants/show.html.erb within layouts/application
  Rendered restaurants/show.html.erb within layouts/application (1.2ms)
Completed 200 OK in 40ms (Views: 31.8ms | ActiveRecord: 4.1ms)


Started GET "/restaurants/2/edit" for 127.0.0.1 at 2017-09-23 22:52:42 +0100
Processing by RestaurantsController#edit as HTML
  Parameters: {"id"=>"2"}
  [1m[36mRestaurant Load (0.4ms)[0m  [1m[34mSELECT  "restaurants".* FROM "restaurants" WHERE "restaurants"."id" = $1 LIMIT $2[0m  [["id", 2], ["LIMIT", 1]]
  Rendering restaurants/edit.html.erb within layouts/application
  Rendered restaurants/edit.html.erb within layouts/application (3.3ms)
Completed 200 OK in 51ms (Views: 44.2ms | ActiveRecord: 0.4ms)


Started PATCH "/restaurants/2" for 127.0.0.1 at 2017-09-23 22:52:53 +0100
Processing by RestaurantsController#update as HTML
  Parameters: {"utf8"=>"✓", "authenticity_token"=>"PeOkF4NpzIckuXwI193zFRMaQnWPUOpJUFKEvIx3nGsQ3WUrdHMmvY3OiKUeZUcC8027sMSXoAwIkHE+XACuTg==", "restaurant"=>{"name"=>"Kentucky Friend Chiken", "description"=>"Awesome Chicken\r\n"}, "commit"=>"Update Restaurant", "id"=>"2"}
  [1m[36mRestaurant Load (0.4ms)[0m  [1m[34mSELECT  "restaurants".* FROM "restaurants" WHERE "restaurants"."id" = $1 LIMIT $2[0m  [["id", 2], ["LIMIT", 1]]
  [1m[35m (0.2ms)[0m  [1m[35mBEGIN[0m
  [1m[35mSQL (0.7ms)[0m  [1m[33mUPDATE "restaurants" SET "name" = $1, "updated_at" = $2 WHERE "restaurants"."id" = $3[0m  [["name", "Kentucky Friend Chiken"], ["updated_at", "2017-09-23 21:52:53.418215"], ["id", 2]]
  [1m[35m (1.8ms)[0m  [1m[35mCOMMIT[0m
Redirected to http://localhost:3000/restaurants
Completed 302 Found in 8ms (ActiveRecord: 3.1ms)


Started GET "/restaurants" for 127.0.0.1 at 2017-09-23 22:52:53 +0100
Processing by RestaurantsController#index as HTML
  Rendering restaurants/index.html.erb within layouts/application
  [1m[36mRestaurant Exists (0.4ms)[0m  [1m[34mSELECT  1 AS one FROM "restaurants" LIMIT $1[0m  [["LIMIT", 1]]
  [1m[36mRestaurant Load (0.3ms)[0m  [1m[34mSELECT "restaurants".* FROM "restaurants"[0m
  Rendered restaurants/index.html.erb within layouts/application (4.3ms)
Completed 200 OK in 26ms (Views: 23.2ms | ActiveRecord: 0.8ms)


Started GET "/restaurants/2" for 127.0.0.1 at 2017-09-23 22:52:56 +0100
Processing by RestaurantsController#show as HTML
  Parameters: {"id"=>"2"}
  [1m[36mRestaurant Load (0.3ms)[0m  [1m[34mSELECT  "restaurants".* FROM "restaurants" WHERE "restaurants"."id" = $1 LIMIT $2[0m  [["id", 2], ["LIMIT", 1]]
  Rendering restaurants/show.html.erb within layouts/application
  Rendered restaurants/show.html.erb within layouts/application (0.8ms)
Completed 200 OK in 49ms (Views: 44.5ms | ActiveRecord: 0.3ms)


